Log file open, 03/02/22 16:46:46
LogWindows: Failed to load 'aqProf.dll' (GetLastError=126)
LogWindows: File 'aqProf.dll' does not exist
LogWindows: Failed to load 'VtuneApi.dll' (GetLastError=126)
LogWindows: File 'VtuneApi.dll' does not exist
LogWindows: Failed to load 'VtuneApi32e.dll' (GetLastError=126)
LogWindows: File 'VtuneApi32e.dll' does not exist
LogConsoleResponse: Display: Failed to find resolution value strings in scalability ini. Falling back to default.
LogConsoleResponse: Display: Failed to find resolution value strings in scalability ini. Falling back to default.
LogInit: Display: Running engine for game: SplashMechanics
LogPlatformFile: Not using cached read wrapper
LogTaskGraph: Started task graph with 5 named threads and 23 total threads with 3 sets of task threads.
LogStats: Stats thread started at 0.551296
LogICUInternationalization: ICU TimeZone Detection - Raw Offset: +0:00, Platform Override: ''
LogInit: Display: Loading text-based GConfig....
LogPluginManager: Mounting plugin MeshPainting
LogPluginManager: Mounting plugin XGEController
LogPluginManager: Mounting plugin Paper2D
LogPluginManager: Mounting plugin EnvironmentQueryEditor
LogPluginManager: Mounting plugin AISupport
LogPluginManager: Mounting plugin LiveLink
LogPluginManager: Mounting plugin LightPropagationVolume
LogPluginManager: Mounting plugin GameplayCameras
LogPluginManager: Mounting plugin CameraShakePreviewer
LogPluginManager: Mounting plugin AnimationSharing
LogPluginManager: Mounting plugin CLionSourceCodeAccess
LogPluginManager: Mounting plugin CodeLiteSourceCodeAccess
LogPluginManager: Mounting plugin OodleNetwork
LogPluginManager: Mounting plugin GitSourceControl
LogPluginManager: Mounting plugin KDevelopSourceCodeAccess
LogPluginManager: Mounting plugin NullSourceCodeAccess
LogPluginManager: Mounting plugin OodleData
LogPluginManager: Mounting plugin PerforceSourceControl
LogPluginManager: Mounting plugin PixWinPlugin
LogPluginManager: Mounting plugin PlasticSourceControl
LogPluginManager: Mounting plugin PluginUtils
LogPluginManager: Mounting plugin PropertyAccessNode
LogPluginManager: Mounting plugin RiderSourceCodeAccess
LogPluginManager: Mounting plugin AssetManagerEditor
LogPluginManager: Mounting plugin SubversionSourceControl
LogPluginManager: Mounting plugin TextureFormatOodle
LogPluginManager: Mounting plugin UObjectPlugin
LogPluginManager: Mounting plugin VisualStudioCodeSourceCodeAccess
LogPluginManager: Mounting plugin VisualStudioSourceCodeAccess
LogPluginManager: Mounting plugin CryptoKeys
LogPluginManager: Mounting plugin XCodeSourceCodeAccess
LogPluginManager: Mounting plugin FacialAnimation
LogPluginManager: Mounting plugin DataValidation
LogPluginManager: Mounting plugin GameplayTagsEditor
LogPluginManager: Mounting plugin GeometryMode
LogPluginManager: Mounting plugin CurveEditorTools
LogPluginManager: Mounting plugin MacGraphicsSwitching
LogPluginManager: Mounting plugin MaterialAnalyzer
LogPluginManager: Mounting plugin MobileLauncherProfileWizard
LogPluginManager: Mounting plugin PluginBrowser
LogPluginManager: Mounting plugin SpeedTreeImporter
LogPluginManager: Mounting plugin DatasmithContent
LogPluginManager: Mounting plugin VariantManagerContent
LogPluginManager: Mounting plugin LuminPlatformFeatures
LogPluginManager: Mounting plugin MagicLeap
LogPluginManager: Mounting plugin Niagara
LogPluginManager: Mounting plugin MagicLeapLightEstimation
LogPluginManager: Mounting plugin MagicLeapMedia
LogPluginManager: Mounting plugin MagicLeapPassableWorld
LogPluginManager: Mounting plugin MLSDK
LogPluginManager: Mounting plugin AlembicImporter
LogPluginManager: Mounting plugin AutomationUtils
LogPluginManager: Mounting plugin BackChannel
LogPluginManager: Mounting plugin ChaosCloth
LogPluginManager: Mounting plugin ChaosClothEditor
LogPluginManager: Mounting plugin ChaosNiagara
LogPluginManager: Mounting plugin ChaosSolverPlugin
LogPluginManager: Mounting plugin CharacterAI
LogPluginManager: Mounting plugin GeometryCache
LogPluginManager: Mounting plugin GeometryCollectionPlugin
LogPluginManager: Mounting plugin GeometryProcessing
LogPluginManager: Mounting plugin ChaosEditor
LogPluginManager: Mounting plugin MotoSynth
LogPluginManager: Mounting plugin OpenImageDenoise
LogPluginManager: Mounting plugin PlanarCut
LogPluginManager: Mounting plugin ProxyLODPlugin
LogPluginManager: Mounting plugin PythonScriptPlugin
LogPluginManager: Mounting plugin AndroidMedia
LogPluginManager: Mounting plugin PlatformCrypto
LogPluginManager: Mounting plugin SkeletalReduction
LogPluginManager: Mounting plugin AvfMedia
LogPluginManager: Mounting plugin ImgMedia
LogPluginManager: Mounting plugin MediaCompositing
LogPluginManager: Mounting plugin MediaPlayerEditor
LogPluginManager: Mounting plugin WebMMedia
LogPluginManager: Mounting plugin WmfMedia
LogPluginManager: Mounting plugin TcpMessaging
LogPluginManager: Mounting plugin UdpMessaging
LogPluginManager: Mounting plugin ActorSequence
LogPluginManager: Mounting plugin LevelSequenceEditor
LogPluginManager: Mounting plugin MatineeToLevelSequence
LogPluginManager: Mounting plugin TemplateSequence
LogPluginManager: Mounting plugin OnlineSubsystem
LogPluginManager: Mounting plugin OnlineSubsystemNull
LogPluginManager: Mounting plugin OnlineSubsystemUtils
LogPluginManager: Mounting plugin AndroidDeviceProfileSelector
LogPluginManager: Mounting plugin LauncherChunkInstaller
LogPluginManager: Mounting plugin ActorLayerUtilities
LogPluginManager: Mounting plugin AndroidMoviePlayer
LogPluginManager: Mounting plugin AppleImageUtils
LogPluginManager: Mounting plugin AndroidPermission
LogPluginManager: Mounting plugin AppleMoviePlayer
LogPluginManager: Mounting plugin AssetTags
LogPluginManager: Mounting plugin AudioCapture
LogPluginManager: Mounting plugin ArchVisCharacter
LogPluginManager: Mounting plugin AudioSynesthesia
LogPluginManager: Mounting plugin CableComponent
LogPluginManager: Mounting plugin ChunkDownloader
LogPluginManager: Mounting plugin CustomMeshComponent
LogPluginManager: Mounting plugin ExampleDeviceProfileSelector
LogPluginManager: Mounting plugin EditableMesh
LogPluginManager: Mounting plugin GooglePAD
LogPluginManager: Mounting plugin GoogleCloudMessaging
LogPluginManager: Mounting plugin LinuxDeviceProfileSelector
LogPluginManager: Mounting plugin IOSDeviceProfileSelector
LogPluginManager: Mounting plugin LocationServicesBPLibrary
LogPluginManager: Mounting plugin ScreenshotTools
LogPluginManager: Mounting plugin MobilePatchingUtils
LogPluginManager: Mounting plugin OpenXRHandTracking
LogPluginManager: Mounting plugin OpenXREyeTracker
LogPluginManager: Mounting plugin PostSplashScreen
LogPluginManager: Mounting plugin OpenXR
LogPluginManager: Mounting plugin PhysXVehicles
LogPluginManager: Mounting plugin ProceduralMeshComponent
LogPluginManager: Mounting plugin RuntimePhysXCooking
LogPluginManager: Mounting plugin SoundFields
LogPluginManager: Mounting plugin PropertyAccessEditor
LogPluginManager: Mounting plugin SignificanceManager
LogPluginManager: Mounting plugin Synthesis
LogPluginManager: Mounting plugin WebMMoviePlayer
LogPluginManager: Mounting plugin WindowsMoviePlayer
LogPluginManager: Mounting plugin Takes
LogPluginManager: Mounting plugin ContentBrowserAssetDataSource
LogPluginManager: Mounting plugin ContentBrowserFileDataSource
LogPluginManager: Mounting plugin ContentBrowserClassDataSource
LogPluginManager: Mounting plugin OnlineSubsystemIOS
LogPluginManager: Mounting plugin OnlineSubsystemGooglePlay
LogPluginManager: Mounting plugin OculusVR
LogPluginManager: Mounting plugin SteamVR
PixWinPlugin: PIX capture plugin failed to initialize! Check that the process is launched from PIX.
LogInit: Using libcurl 7.55.1-DEV
LogInit:  - built for x86_64-pc-win32
LogInit:  - supports SSL with OpenSSL/1.1.1
LogInit:  - supports HTTP deflate (compression) using libz 1.2.8
LogInit:  - other features:
LogInit:      CURL_VERSION_SSL
LogInit:      CURL_VERSION_LIBZ
LogInit:      CURL_VERSION_IPV6
LogInit:      CURL_VERSION_ASYNCHDNS
LogInit:      CURL_VERSION_LARGEFILE
LogInit:      CURL_VERSION_IDN
LogInit:  CurlRequestOptions (configurable via config and command line):
LogInit:  - bVerifyPeer = true  - Libcurl will verify peer certificate
LogInit:  - bUseHttpProxy = false  - Libcurl will NOT use HTTP proxy
LogInit:  - bDontReuseConnections = false  - Libcurl will reuse connections
LogInit:  - MaxHostConnections = 16  - Libcurl will limit the number of connections to a host
LogInit:  - LocalHostAddr = Default
LogInit:  - BufferSize = 65536
LogOnline: OSS: Creating online subsystem instance for: NULL
LogInit: WinSock: version 1.1 (2.2), MaxSocks=32767, MaxUdp=65467
LogOnline: OSS: TryLoadSubsystemAndSetDefault: Loaded subsystem for module [NULL]
LogOculusPluginWrapper: OculusPlugin initialized successfully
LogHMD: Failed initializing OVRPlugin 1.59.0
LogInit: Build: ++UE4+Release-4.27-CL-18319896
LogInit: Engine Version: 4.27.2-18319896+++UE4+Release-4.27
LogInit: Compatible Engine Version: 4.27.0-17155196+++UE4+Release-4.27
LogInit: Net CL: 17155196
LogInit: OS: Windows 10 (Release 2009) (), CPU: Intel(R) Xeon(R) CPU E5-1620 v3 @ 3.50GHz, GPU: NVIDIA GeForce GTX 970
LogInit: Compiled (64-bit): Nov 30 2021 07:12:08
LogInit: Compiled with Visual C++: 19.24.28315.00
LogInit: Build Configuration: Development
LogInit: Branch Name: ++UE4+Release-4.27
LogInit: Command Line:  -EpicPortal -epicusername=KawaiiBlush -epicuserid=386204c272a74f2691255738598d046a -epiclocale=en -epicsandboxid=ue
LogInit: Base Directory: C:/UOW_Apps/Epic Games/UE_4.27/Engine/Binaries/Win64/
LogInit: Allocator: TBB
LogInit: Installed Engine Build: 1
LogDevObjectVersion: Number of dev versions registered: 29
LogDevObjectVersion:   Dev-Blueprints (B0D832E4-1F89-4F0D-ACCF-7EB736FD4AA2): 10
LogDevObjectVersion:   Dev-Build (E1C64328-A22C-4D53-A36C-8E866417BD8C): 0
LogDevObjectVersion:   Dev-Core (375EC13C-06E4-48FB-B500-84F0262A717E): 4
LogDevObjectVersion:   Dev-Editor (E4B068ED-F494-42E9-A231-DA0B2E46BB41): 40
LogDevObjectVersion:   Dev-Framework (CFFC743F-43B0-4480-9391-14DF171D2073): 37
LogDevObjectVersion:   Dev-Mobile (B02B49B5-BB20-44E9-A304-32B752E40360): 3
LogDevObjectVersion:   Dev-Networking (A4E4105C-59A1-49B5-A7C5-40C4547EDFEE): 0
LogDevObjectVersion:   Dev-Online (39C831C9-5AE6-47DC-9A44-9C173E1C8E7C): 0
LogDevObjectVersion:   Dev-Physics (78F01B33-EBEA-4F98-B9B4-84EACCB95AA2): 14
LogDevObjectVersion:   Dev-Platform (6631380F-2D4D-43E0-8009-CF276956A95A): 0
LogDevObjectVersion:   Dev-Rendering (12F88B9F-8875-4AFC-A67C-D90C383ABD29): 45
LogDevObjectVersion:   Dev-Sequencer (7B5AE74C-D270-4C10-A958-57980B212A5A): 13
LogDevObjectVersion:   Dev-VR (D7296918-1DD6-4BDD-9DE2-64A83CC13884): 3
LogDevObjectVersion:   Dev-LoadTimes (C2A15278-BFE7-4AFE-6C17-90FF531DF755): 1
LogDevObjectVersion:   Private-Geometry (6EACA3D4-40EC-4CC1-B786-8BED09428FC5): 3
LogDevObjectVersion:   Dev-AnimPhys (29E575DD-E0A3-4627-9D10-D276232CDCEA): 17
LogDevObjectVersion:   Dev-Anim (AF43A65D-7FD3-4947-9873-3E8ED9C1BB05): 15
LogDevObjectVersion:   Dev-ReflectionCapture (6B266CEC-1EC7-4B8F-A30B-E4D90942FC07): 1
LogDevObjectVersion:   Dev-Automation (0DF73D61-A23F-47EA-B727-89E90C41499A): 1
LogDevObjectVersion:   FortniteMain (601D1886-AC64-4F84-AA16-D3DE0DEAC7D6): 47
LogDevObjectVersion:   FortniteRelease (E7086368-6B23-4C58-8439-1B7016265E91): 1
LogDevObjectVersion:   Dev-Enterprise (9DFFBCD6-494F-0158-E221-12823C92A888): 10
LogDevObjectVersion:   Dev-Niagara (F2AED0AC-9AFE-416F-8664-AA7FFA26D6FC): 1
LogDevObjectVersion:   Dev-Destruction (174F1F0B-B4C6-45A5-B13F-2EE8D0FB917D): 10
LogDevObjectVersion:   Dev-Physics-Ext (35F94A83-E258-406C-A318-09F59610247C): 41
LogDevObjectVersion:   Dev-PhysicsMaterial-Chaos (B68FC16E-8B1B-42E2-B453-215C058844FE): 1
LogDevObjectVersion:   Dev-CineCamera (B2E18506-4273-CFC2-A54E-F4BB758BBA07): 1
LogDevObjectVersion:   Dev-VirtualProduction (64F58936-FD1B-42BA-BA96-7289D5D0FA4E): 1
LogDevObjectVersion:   Dev-MediaFramework (6F0ED827-A609-4895-9C91-998D90180EA4): 2
LogInit: Presizing for max 25165824 objects, including 0 objects not considered by GC, pre-allocating 0 bytes for permanent pool.
LogConfig: Applying CVar settings from Section [/Script/Engine.StreamingSettings] File [C:/Users/w1786801/Downloads/Repo/GitHub/SplashMechanics/Saved/Config/Windows/Engine.ini]
LogConfig: Setting CVar [[s.MinBulkDataSizeForAsyncLoading:131072]]
LogConfig: Setting CVar [[s.AsyncLoadingThreadEnabled:0]]
LogConfig: Setting CVar [[s.EventDrivenLoaderEnabled:1]]
LogConfig: Setting CVar [[s.WarnIfTimeLimitExceeded:0]]
LogConfig: Setting CVar [[s.TimeLimitExceededMultiplier:1.5]]
LogConfig: Setting CVar [[s.TimeLimitExceededMinTime:0.005]]
LogConfig: Setting CVar [[s.UseBackgroundLevelStreaming:1]]
LogConfig: Setting CVar [[s.PriorityAsyncLoadingExtraTime:15.0]]
LogConfig: Setting CVar [[s.LevelStreamingActorsUpdateTimeLimit:5.0]]
LogConfig: Setting CVar [[s.PriorityLevelStreamingActorsUpdateExtraTime:5.0]]
LogConfig: Setting CVar [[s.LevelStreamingComponentsRegistrationGranularity:10]]
LogConfig: Setting CVar [[s.UnregisterComponentsTimeLimit:1.0]]
LogConfig: Setting CVar [[s.LevelStreamingComponentsUnregistrationGranularity:5]]
LogConfig: Setting CVar [[s.FlushStreamingOnExit:1]]
LogInit: Object subsystem initialized
LogConfig: Setting CVar [[con.DebugEarlyDefault:1]]
LogConfig: Setting CVar [[r.setres:1280x720]]
[2022.03.02-16.46.48:743][  0]LogConfig: Setting CVar [[r.VSync:0]]
[2022.03.02-16.46.48:743][  0]LogConfig: Setting CVar [[r.RHICmdBypass:0]]
[2022.03.02-16.46.48:743][  0]LogConfig: Applying CVar settings from Section [/Script/Engine.RendererSettings] File [C:/Users/w1786801/Downloads/Repo/GitHub/SplashMechanics/Saved/Config/Windows/Engine.ini]
[2022.03.02-16.46.48:743][  0]LogConfig: Setting CVar [[r.GPUCrashDebugging:0]]
[2022.03.02-16.46.48:743][  0]LogConfig: Applying CVar settings from Section [/Script/Engine.RendererOverrideSettings] File [C:/Users/w1786801/Downloads/Repo/GitHub/SplashMechanics/Saved/Config/Windows/Engine.ini]
[2022.03.02-16.46.48:743][  0]LogConfig: Applying CVar settings from Section [/Script/Engine.StreamingSettings] File [C:/Users/w1786801/Downloads/Repo/GitHub/SplashMechanics/Saved/Config/Windows/Engine.ini]
[2022.03.02-16.46.48:743][  0]LogConfig: Setting CVar [[s.MinBulkDataSizeForAsyncLoading:131072]]
[2022.03.02-16.46.48:743][  0]LogConfig: Setting CVar [[s.AsyncLoadingThreadEnabled:0]]
[2022.03.02-16.46.48:743][  0]LogConfig: Setting CVar [[s.EventDrivenLoaderEnabled:1]]
[2022.03.02-16.46.48:743][  0]LogConfig: Setting CVar [[s.WarnIfTimeLimitExceeded:0]]
[2022.03.02-16.46.48:743][  0]LogConfig: Setting CVar [[s.TimeLimitExceededMultiplier:1.5]]
[2022.03.02-16.46.48:743][  0]LogConfig: Setting CVar [[s.TimeLimitExceededMinTime:0.005]]
[2022.03.02-16.46.48:743][  0]LogConfig: Setting CVar [[s.UseBackgroundLevelStreaming:1]]
[2022.03.02-16.46.48:743][  0]LogConfig: Setting CVar [[s.PriorityAsyncLoadingExtraTime:15.0]]
[2022.03.02-16.46.48:743][  0]LogConfig: Setting CVar [[s.LevelStreamingActorsUpdateTimeLimit:5.0]]
[2022.03.02-16.46.48:743][  0]LogConfig: Setting CVar [[s.PriorityLevelStreamingActorsUpdateExtraTime:5.0]]
[2022.03.02-16.46.48:743][  0]LogConfig: Setting CVar [[s.LevelStreamingComponentsRegistrationGranularity:10]]
[2022.03.02-16.46.48:743][  0]LogConfig: Setting CVar [[s.UnregisterComponentsTimeLimit:1.0]]
[2022.03.02-16.46.48:743][  0]LogConfig: Setting CVar [[s.LevelStreamingComponentsUnregistrationGranularity:5]]
[2022.03.02-16.46.48:743][  0]LogConfig: Setting CVar [[s.FlushStreamingOnExit:1]]
[2022.03.02-16.46.48:743][  0]LogConfig: Applying CVar settings from Section [/Script/Engine.GarbageCollectionSettings] File [C:/Users/w1786801/Downloads/Repo/GitHub/SplashMechanics/Saved/Config/Windows/Engine.ini]
[2022.03.02-16.46.48:743][  0]LogConfig: Setting CVar [[gc.MaxObjectsNotConsideredByGC:1]]
[2022.03.02-16.46.48:743][  0]LogConfig: Setting CVar [[gc.SizeOfPermanentObjectPool:0]]
[2022.03.02-16.46.48:743][  0]LogConfig: Setting CVar [[gc.FlushStreamingOnGC:0]]
[2022.03.02-16.46.48:743][  0]LogConfig: Setting CVar [[gc.NumRetriesBeforeForcingGC:10]]
[2022.03.02-16.46.48:743][  0]LogConfig: Setting CVar [[gc.AllowParallelGC:1]]
[2022.03.02-16.46.48:743][  0]LogConfig: Setting CVar [[gc.TimeBetweenPurgingPendingKillObjects:61.1]]
[2022.03.02-16.46.48:743][  0]LogConfig: Setting CVar [[gc.MaxObjectsInEditor:25165824]]
[2022.03.02-16.46.48:743][  0]LogConfig: Setting CVar [[gc.IncrementalBeginDestroyEnabled:1]]
[2022.03.02-16.46.48:744][  0]LogConfig: Setting CVar [[gc.CreateGCClusters:1]]
[2022.03.02-16.46.48:744][  0]LogConfig: Setting CVar [[gc.MinGCClusterSize:5]]
[2022.03.02-16.46.48:744][  0]LogConfig: Setting CVar [[gc.ActorClusteringEnabled:0]]
[2022.03.02-16.46.48:744][  0]LogConfig: Setting CVar [[gc.BlueprintClusteringEnabled:0]]
[2022.03.02-16.46.48:744][  0]LogConfig: Setting CVar [[gc.UseDisregardForGCOnDedicatedServers:0]]
[2022.03.02-16.46.48:744][  0]LogConfig: Setting CVar [[gc.MultithreadedDestructionEnabled:1]]
[2022.03.02-16.46.48:744][  0]LogConfig: Applying CVar settings from Section [/Script/Engine.NetworkSettings] File [C:/Users/w1786801/Downloads/Repo/GitHub/SplashMechanics/Saved/Config/Windows/Engine.ini]
[2022.03.02-16.46.48:744][  0]LogConfig: Applying CVar settings from Section [/Script/UnrealEd.CookerSettings] File [C:/Users/w1786801/Downloads/Repo/GitHub/SplashMechanics/Saved/Config/Windows/Engine.ini]
[2022.03.02-16.46.48:762][  0]LogConfig: Applying CVar settings from Section [ViewDistanceQuality@3] File [C:/Users/w1786801/Downloads/Repo/GitHub/SplashMechanics/Saved/Config/Windows/Scalability.ini]
[2022.03.02-16.46.48:762][  0]LogConfig: Setting CVar [[r.SkeletalMeshLODBias:0]]
[2022.03.02-16.46.48:762][  0]LogConfig: Setting CVar [[r.ViewDistanceScale:1.0]]
[2022.03.02-16.46.48:762][  0]LogConfig: Applying CVar settings from Section [AntiAliasingQuality@3] File [C:/Users/w1786801/Downloads/Repo/GitHub/SplashMechanics/Saved/Config/Windows/Scalability.ini]
[2022.03.02-16.46.48:762][  0]LogConfig: Setting CVar [[r.PostProcessAAQuality:4]]
[2022.03.02-16.46.48:762][  0]LogConfig: Applying CVar settings from Section [ShadowQuality@3] File [C:/Users/w1786801/Downloads/Repo/GitHub/SplashMechanics/Saved/Config/Windows/Scalability.ini]
[2022.03.02-16.46.48:762][  0]LogConfig: Setting CVar [[r.LightFunctionQuality:1]]
[2022.03.02-16.46.48:762][  0]LogConfig: Setting CVar [[r.ShadowQuality:5]]
[2022.03.02-16.46.48:762][  0]LogConfig: Setting CVar [[r.Shadow.CSM.MaxCascades:10]]
[2022.03.02-16.46.48:762][  0]LogConfig: Setting CVar [[r.Shadow.MaxResolution:2048]]
[2022.03.02-16.46.48:762][  0]LogConfig: Setting CVar [[r.Shadow.MaxCSMResolution:2048]]
[2022.03.02-16.46.48:762][  0]LogConfig: Setting CVar [[r.Shadow.RadiusThreshold:0.01]]
[2022.03.02-16.46.48:762][  0]LogConfig: Setting CVar [[r.Shadow.DistanceScale:1.0]]
[2022.03.02-16.46.48:762][  0]LogConfig: Setting CVar [[r.Shadow.CSM.TransitionScale:1.0]]
[2022.03.02-16.46.48:762][  0]LogConfig: Setting CVar [[r.Shadow.PreShadowResolutionFactor:1.0]]
[2022.03.02-16.46.48:762][  0]LogConfig: Setting CVar [[r.DistanceFieldShadowing:1]]
[2022.03.02-16.46.48:762][  0]LogConfig: Setting CVar [[r.DistanceFieldAO:1]]
[2022.03.02-16.46.48:762][  0]LogConfig: Setting CVar [[r.AOQuality:2]]
[2022.03.02-16.46.48:762][  0]LogConfig: Setting CVar [[r.VolumetricFog:1]]
[2022.03.02-16.46.48:762][  0]LogConfig: Setting CVar [[r.VolumetricFog.GridPixelSize:8]]
[2022.03.02-16.46.48:762][  0]LogConfig: Setting CVar [[r.VolumetricFog.GridSizeZ:128]]
[2022.03.02-16.46.48:762][  0]LogConfig: Setting CVar [[r.VolumetricFog.HistoryMissSupersampleCount:4]]
[2022.03.02-16.46.48:762][  0]LogConfig: Setting CVar [[r.LightMaxDrawDistanceScale:1]]
[2022.03.02-16.46.48:762][  0]LogConfig: Setting CVar [[r.CapsuleShadows:1]]
[2022.03.02-16.46.48:762][  0]LogConfig: Applying CVar settings from Section [PostProcessQuality@3] File [C:/Users/w1786801/Downloads/Repo/GitHub/SplashMechanics/Saved/Config/Windows/Scalability.ini]
[2022.03.02-16.46.48:762][  0]LogConfig: Setting CVar [[r.MotionBlurQuality:4]]
[2022.03.02-16.46.48:762][  0]LogConfig: Setting CVar [[r.AmbientOcclusionMipLevelFactor:0.4]]
[2022.03.02-16.46.48:762][  0]LogConfig: Setting CVar [[r.AmbientOcclusionMaxQuality:100]]
[2022.03.02-16.46.48:762][  0]LogConfig: Setting CVar [[r.AmbientOcclusionLevels:-1]]
[2022.03.02-16.46.48:762][  0]LogConfig: Setting CVar [[r.AmbientOcclusionRadiusScale:1.0]]
[2022.03.02-16.46.48:762][  0]LogConfig: Setting CVar [[r.DepthOfFieldQuality:2]]
[2022.03.02-16.46.48:762][  0]LogConfig: Setting CVar [[r.RenderTargetPoolMin:400]]
[2022.03.02-16.46.48:762][  0]LogConfig: Setting CVar [[r.LensFlareQuality:2]]
[2022.03.02-16.46.48:762][  0]LogConfig: Setting CVar [[r.SceneColorFringeQuality:1]]
[2022.03.02-16.46.48:762][  0]LogConfig: Setting CVar [[r.EyeAdaptationQuality:2]]
[2022.03.02-16.46.48:762][  0]LogConfig: Setting CVar [[r.BloomQuality:5]]
[2022.03.02-16.46.48:762][  0]LogConfig: Setting CVar [[r.FastBlurThreshold:100]]
[2022.03.02-16.46.48:762][  0]LogConfig: Setting CVar [[r.Upscale.Quality:3]]
[2022.03.02-16.46.48:762][  0]LogConfig: Setting CVar [[r.Tonemapper.GrainQuantization:1]]
[2022.03.02-16.46.48:762][  0]LogConfig: Setting CVar [[r.LightShaftQuality:1]]
[2022.03.02-16.46.48:762][  0]LogConfig: Setting CVar [[r.Filter.SizeScale:1]]
[2022.03.02-16.46.48:763][  0]LogConfig: Setting CVar [[r.Tonemapper.Quality:5]]
[2022.03.02-16.46.48:763][  0]LogConfig: Setting CVar [[r.DOF.Gather.AccumulatorQuality:1        ; higher gathering accumulator quality]]
[2022.03.02-16.46.48:763][  0]LogConfig: Setting CVar [[r.DOF.Gather.PostfilterMethod:1          ; Median3x3 postfilering method]]
[2022.03.02-16.46.48:763][  0]LogConfig: Setting CVar [[r.DOF.Gather.EnableBokehSettings:0       ; no bokeh simulation when gathering]]
[2022.03.02-16.46.48:763][  0]LogConfig: Setting CVar [[r.DOF.Gather.RingCount:4                 ; medium number of samples when gathering]]
[2022.03.02-16.46.48:763][  0]LogConfig: Setting CVar [[r.DOF.Scatter.ForegroundCompositing:1    ; additive foreground scattering]]
[2022.03.02-16.46.48:763][  0]LogConfig: Setting CVar [[r.DOF.Scatter.BackgroundCompositing:2    ; additive background scattering]]
[2022.03.02-16.46.48:763][  0]LogConfig: Setting CVar [[r.DOF.Scatter.EnableBokehSettings:1      ; bokeh simulation when scattering]]
[2022.03.02-16.46.48:763][  0]LogConfig: Setting CVar [[r.DOF.Scatter.MaxSpriteRatio:0.1         ; only a maximum of 10% of scattered bokeh]]
[2022.03.02-16.46.48:763][  0]LogConfig: Setting CVar [[r.DOF.Recombine.Quality:1                ; cheap slight out of focus]]
[2022.03.02-16.46.48:763][  0]LogConfig: Setting CVar [[r.DOF.Recombine.EnableBokehSettings:0    ; no bokeh simulation on slight out of focus]]
[2022.03.02-16.46.48:763][  0]LogConfig: Setting CVar [[r.DOF.TemporalAAQuality:1                ; more stable temporal accumulation]]
[2022.03.02-16.46.48:763][  0]LogConfig: Setting CVar [[r.DOF.Kernel.MaxForegroundRadius:0.025]]
[2022.03.02-16.46.48:763][  0]LogConfig: Setting CVar [[r.DOF.Kernel.MaxBackgroundRadius:0.025]]
[2022.03.02-16.46.48:763][  0]LogConfig: Applying CVar settings from Section [TextureQuality@3] File [C:/Users/w1786801/Downloads/Repo/GitHub/SplashMechanics/Saved/Config/Windows/Scalability.ini]
[2022.03.02-16.46.48:763][  0]LogConfig: Setting CVar [[r.Streaming.MipBias:0]]
[2022.03.02-16.46.48:763][  0]LogConfig: Setting CVar [[r.Streaming.AmortizeCPUToGPUCopy:0]]
[2022.03.02-16.46.48:763][  0]LogConfig: Setting CVar [[r.Streaming.MaxNumTexturesToStreamPerFrame:0]]
[2022.03.02-16.46.48:763][  0]LogConfig: Setting CVar [[r.Streaming.Boost:1]]
[2022.03.02-16.46.48:763][  0]LogConfig: Setting CVar [[r.MaxAnisotropy:8]]
[2022.03.02-16.46.48:763][  0]LogConfig: Setting CVar [[r.VT.MaxAnisotropy:8]]
[2022.03.02-16.46.48:763][  0]LogConfig: Setting CVar [[r.Streaming.LimitPoolSizeToVRAM:0]]
[2022.03.02-16.46.48:763][  0]LogConfig: Setting CVar [[r.Streaming.PoolSize:1000]]
[2022.03.02-16.46.48:763][  0]LogConfig: Setting CVar [[r.Streaming.MaxEffectiveScreenSize:0]]
[2022.03.02-16.46.48:763][  0]LogConfig: Applying CVar settings from Section [EffectsQuality@3] File [C:/Users/w1786801/Downloads/Repo/GitHub/SplashMechanics/Saved/Config/Windows/Scalability.ini]
[2022.03.02-16.46.48:763][  0]LogConfig: Setting CVar [[r.TranslucencyLightingVolumeDim:64]]
[2022.03.02-16.46.48:763][  0]LogConfig: Setting CVar [[r.RefractionQuality:2]]
[2022.03.02-16.46.48:763][  0]LogConfig: Setting CVar [[r.SSR.Quality:3]]
[2022.03.02-16.46.48:763][  0]LogConfig: Setting CVar [[r.SSR.HalfResSceneColor:0]]
[2022.03.02-16.46.48:763][  0]LogConfig: Setting CVar [[r.SceneColorFormat:4]]
[2022.03.02-16.46.48:763][  0]LogConfig: Setting CVar [[r.DetailMode:2]]
[2022.03.02-16.46.48:763][  0]LogConfig: Setting CVar [[r.TranslucencyVolumeBlur:1]]
[2022.03.02-16.46.48:763][  0]LogConfig: Setting CVar [[r.MaterialQualityLevel:1 ; High quality]]
[2022.03.02-16.46.48:763][  0]LogConfig: Setting CVar [[r.AnisotropicMaterials:1]]
[2022.03.02-16.46.48:763][  0]LogConfig: Setting CVar [[r.SSS.Scale:1]]
[2022.03.02-16.46.48:763][  0]LogConfig: Setting CVar [[r.SSS.SampleSet:2]]
[2022.03.02-16.46.48:763][  0]LogConfig: Setting CVar [[r.SSS.Quality:1]]
[2022.03.02-16.46.48:763][  0]LogConfig: Setting CVar [[r.SSS.HalfRes:0]]
[2022.03.02-16.46.48:763][  0]LogConfig: Setting CVar [[r.SSGI.Quality:3]]
[2022.03.02-16.46.48:763][  0]LogConfig: Setting CVar [[r.EmitterSpawnRateScale:1.0]]
[2022.03.02-16.46.48:763][  0]LogConfig: Setting CVar [[r.ParticleLightQuality:2]]
[2022.03.02-16.46.48:763][  0]LogConfig: Setting CVar [[r.SkyAtmosphere.AerialPerspectiveLUT.FastApplyOnOpaque:1 ; Always have FastSkyLUT 1 in this case to avoid wrong sky]]
[2022.03.02-16.46.48:763][  0]LogConfig: Setting CVar [[r.SkyAtmosphere.AerialPerspectiveLUT.SampleCountMaxPerSlice:4]]
[2022.03.02-16.46.48:763][  0]LogConfig: Setting CVar [[r.SkyAtmosphere.AerialPerspectiveLUT.DepthResolution:16.0]]
[2022.03.02-16.46.48:764][  0]LogConfig: Setting CVar [[r.SkyAtmosphere.FastSkyLUT:1]]
[2022.03.02-16.46.48:764][  0]LogConfig: Setting CVar [[r.SkyAtmosphere.FastSkyLUT.SampleCountMin:4.0]]
[2022.03.02-16.46.48:764][  0]LogConfig: Setting CVar [[r.SkyAtmosphere.FastSkyLUT.SampleCountMax:128.0]]
[2022.03.02-16.46.48:764][  0]LogConfig: Setting CVar [[r.SkyAtmosphere.SampleCountMin:4.0]]
[2022.03.02-16.46.48:764][  0]LogConfig: Setting CVar [[r.SkyAtmosphere.SampleCountMax:128.0]]
[2022.03.02-16.46.48:764][  0]LogConfig: Setting CVar [[r.SkyAtmosphere.TransmittanceLUT.UseSmallFormat:0]]
[2022.03.02-16.46.48:764][  0]LogConfig: Setting CVar [[r.SkyAtmosphere.TransmittanceLUT.SampleCount:10.0]]
[2022.03.02-16.46.48:764][  0]LogConfig: Setting CVar [[r.SkyAtmosphere.MultiScatteringLUT.SampleCount:15.0]]
[2022.03.02-16.46.48:764][  0]LogConfig: Setting CVar [[r.SkyLight.RealTimeReflectionCapture:1]]
[2022.03.02-16.46.48:764][  0]LogConfig: Applying CVar settings from Section [FoliageQuality@3] File [C:/Users/w1786801/Downloads/Repo/GitHub/SplashMechanics/Saved/Config/Windows/Scalability.ini]
[2022.03.02-16.46.48:764][  0]LogConfig: Setting CVar [[foliage.DensityScale:1.0]]
[2022.03.02-16.46.48:764][  0]LogConfig: Setting CVar [[grass.DensityScale:1.0]]
[2022.03.02-16.46.48:764][  0]LogConfig: Applying CVar settings from Section [ShadingQuality@3] File [C:/Users/w1786801/Downloads/Repo/GitHub/SplashMechanics/Saved/Config/Windows/Scalability.ini]
[2022.03.02-16.46.48:764][  0]LogConfig: Setting CVar [[r.HairStrands.SkyLighting.IntegrationType:2]]
[2022.03.02-16.46.48:764][  0]LogConfig: Setting CVar [[r.HairStrands.SkyAO.SampleCount:4]]
[2022.03.02-16.46.48:764][  0]LogConfig: Setting CVar [[r.HairStrands.Visibility.MSAA.SamplePerPixel:4]]
[2022.03.02-16.46.48:764][  0]LogInit: Selected Device Profile: [Windows]
[2022.03.02-16.46.48:764][  0]LogInit: Applying CVar settings loaded from the selected device profile: [Windows]
[2022.03.02-16.46.48:764][  0]LogHAL: Display: Platform has ~ 16 GB [17098473472 / 17179869184 / 16], which maps to Larger [LargestMinGB=32, LargerMinGB=12, DefaultMinGB=8, SmallerMinGB=6, SmallestMinGB=0)
[2022.03.02-16.46.48:764][  0]LogInit: Going up to parent DeviceProfile []
[2022.03.02-16.46.48:764][  0]LogConfig: Applying CVar settings from Section [ViewDistanceQuality@3] File [C:/Users/w1786801/Downloads/Repo/GitHub/SplashMechanics/Saved/Config/Windows/Scalability.ini]
[2022.03.02-16.46.48:764][  0]LogConfig: Setting CVar [[r.SkeletalMeshLODBias:0]]
[2022.03.02-16.46.48:764][  0]LogConfig: Setting CVar [[r.ViewDistanceScale:1.0]]
[2022.03.02-16.46.48:764][  0]LogConfig: Applying CVar settings from Section [AntiAliasingQuality@3] File [C:/Users/w1786801/Downloads/Repo/GitHub/SplashMechanics/Saved/Config/Windows/Scalability.ini]
[2022.03.02-16.46.48:764][  0]LogConfig: Setting CVar [[r.PostProcessAAQuality:4]]
[2022.03.02-16.46.48:764][  0]LogConfig: Applying CVar settings from Section [ShadowQuality@3] File [C:/Users/w1786801/Downloads/Repo/GitHub/SplashMechanics/Saved/Config/Windows/Scalability.ini]
[2022.03.02-16.46.48:764][  0]LogConfig: Setting CVar [[r.LightFunctionQuality:1]]
[2022.03.02-16.46.48:764][  0]LogConfig: Setting CVar [[r.ShadowQuality:5]]
[2022.03.02-16.46.48:764][  0]LogConfig: Setting CVar [[r.Shadow.CSM.MaxCascades:10]]
[2022.03.02-16.46.48:764][  0]LogConfig: Setting CVar [[r.Shadow.MaxResolution:2048]]
[2022.03.02-16.46.48:764][  0]LogConfig: Setting CVar [[r.Shadow.MaxCSMResolution:2048]]
[2022.03.02-16.46.48:764][  0]LogConfig: Setting CVar [[r.Shadow.RadiusThreshold:0.01]]
[2022.03.02-16.46.48:764][  0]LogConfig: Setting CVar [[r.Shadow.DistanceScale:1.0]]
[2022.03.02-16.46.48:764][  0]LogConfig: Setting CVar [[r.Shadow.CSM.TransitionScale:1.0]]
[2022.03.02-16.46.48:764][  0]LogConfig: Setting CVar [[r.Shadow.PreShadowResolutionFactor:1.0]]
[2022.03.02-16.46.48:764][  0]LogConfig: Setting CVar [[r.DistanceFieldShadowing:1]]
[2022.03.02-16.46.48:764][  0]LogConfig: Setting CVar [[r.DistanceFieldAO:1]]
[2022.03.02-16.46.48:764][  0]LogConfig: Setting CVar [[r.AOQuality:2]]
[2022.03.02-16.46.48:764][  0]LogConfig: Setting CVar [[r.VolumetricFog:1]]
[2022.03.02-16.46.48:764][  0]LogConfig: Setting CVar [[r.VolumetricFog.GridPixelSize:8]]
[2022.03.02-16.46.48:764][  0]LogConfig: Setting CVar [[r.VolumetricFog.GridSizeZ:128]]
[2022.03.02-16.46.48:764][  0]LogConfig: Setting CVar [[r.VolumetricFog.HistoryMissSupersampleCount:4]]
[2022.03.02-16.46.48:764][  0]LogConfig: Setting CVar [[r.LightMaxDrawDistanceScale:1]]
[2022.03.02-16.46.48:764][  0]LogConfig: Setting CVar [[r.CapsuleShadows:1]]
[2022.03.02-16.46.48:764][  0]LogConfig: Applying CVar settings from Section [PostProcessQuality@3] File [C:/Users/w1786801/Downloads/Repo/GitHub/SplashMechanics/Saved/Config/Windows/Scalability.ini]
[2022.03.02-16.46.48:764][  0]LogConfig: Setting CVar [[r.MotionBlurQuality:4]]
[2022.03.02-16.46.48:764][  0]LogConfig: Setting CVar [[r.AmbientOcclusionMipLevelFactor:0.4]]
[2022.03.02-16.46.48:764][  0]LogConfig: Setting CVar [[r.AmbientOcclusionMaxQuality:100]]
[2022.03.02-16.46.48:764][  0]LogConfig: Setting CVar [[r.AmbientOcclusionLevels:-1]]
[2022.03.02-16.46.48:764][  0]LogConfig: Setting CVar [[r.AmbientOcclusionRadiusScale:1.0]]
[2022.03.02-16.46.48:764][  0]LogConfig: Setting CVar [[r.DepthOfFieldQuality:2]]
[2022.03.02-16.46.48:765][  0]LogConfig: Setting CVar [[r.RenderTargetPoolMin:400]]
[2022.03.02-16.46.48:765][  0]LogConfig: Setting CVar [[r.LensFlareQuality:2]]
[2022.03.02-16.46.48:765][  0]LogConfig: Setting CVar [[r.SceneColorFringeQuality:1]]
[2022.03.02-16.46.48:765][  0]LogConfig: Setting CVar [[r.EyeAdaptationQuality:2]]
[2022.03.02-16.46.48:765][  0]LogConfig: Setting CVar [[r.BloomQuality:5]]
[2022.03.02-16.46.48:765][  0]LogConfig: Setting CVar [[r.FastBlurThreshold:100]]
[2022.03.02-16.46.48:765][  0]LogConfig: Setting CVar [[r.Upscale.Quality:3]]
[2022.03.02-16.46.48:765][  0]LogConfig: Setting CVar [[r.Tonemapper.GrainQuantization:1]]
[2022.03.02-16.46.48:765][  0]LogConfig: Setting CVar [[r.LightShaftQuality:1]]
[2022.03.02-16.46.48:765][  0]LogConfig: Setting CVar [[r.Filter.SizeScale:1]]
[2022.03.02-16.46.48:765][  0]LogConfig: Setting CVar [[r.Tonemapper.Quality:5]]
[2022.03.02-16.46.48:765][  0]LogConfig: Setting CVar [[r.DOF.Gather.AccumulatorQuality:1        ; higher gathering accumulator quality]]
[2022.03.02-16.46.48:765][  0]LogConfig: Setting CVar [[r.DOF.Gather.PostfilterMethod:1          ; Median3x3 postfilering method]]
[2022.03.02-16.46.48:765][  0]LogConfig: Setting CVar [[r.DOF.Gather.EnableBokehSettings:0       ; no bokeh simulation when gathering]]
[2022.03.02-16.46.48:765][  0]LogConfig: Setting CVar [[r.DOF.Gather.RingCount:4                 ; medium number of samples when gathering]]
[2022.03.02-16.46.48:765][  0]LogConfig: Setting CVar [[r.DOF.Scatter.ForegroundCompositing:1    ; additive foreground scattering]]
[2022.03.02-16.46.48:765][  0]LogConfig: Setting CVar [[r.DOF.Scatter.BackgroundCompositing:2    ; additive background scattering]]
[2022.03.02-16.46.48:765][  0]LogConfig: Setting CVar [[r.DOF.Scatter.EnableBokehSettings:1      ; bokeh simulation when scattering]]
[2022.03.02-16.46.48:765][  0]LogConfig: Setting CVar [[r.DOF.Scatter.MaxSpriteRatio:0.1         ; only a maximum of 10% of scattered bokeh]]
[2022.03.02-16.46.48:765][  0]LogConfig: Setting CVar [[r.DOF.Recombine.Quality:1                ; cheap slight out of focus]]
[2022.03.02-16.46.48:765][  0]LogConfig: Setting CVar [[r.DOF.Recombine.EnableBokehSettings:0    ; no bokeh simulation on slight out of focus]]
[2022.03.02-16.46.48:765][  0]LogConfig: Setting CVar [[r.DOF.TemporalAAQuality:1                ; more stable temporal accumulation]]
[2022.03.02-16.46.48:765][  0]LogConfig: Setting CVar [[r.DOF.Kernel.MaxForegroundRadius:0.025]]
[2022.03.02-16.46.48:765][  0]LogConfig: Setting CVar [[r.DOF.Kernel.MaxBackgroundRadius:0.025]]
[2022.03.02-16.46.48:765][  0]LogConfig: Applying CVar settings from Section [TextureQuality@3] File [C:/Users/w1786801/Downloads/Repo/GitHub/SplashMechanics/Saved/Config/Windows/Scalability.ini]
[2022.03.02-16.46.48:765][  0]LogConfig: Setting CVar [[r.Streaming.MipBias:0]]
[2022.03.02-16.46.48:765][  0]LogConfig: Setting CVar [[r.Streaming.AmortizeCPUToGPUCopy:0]]
[2022.03.02-16.46.48:765][  0]LogConfig: Setting CVar [[r.Streaming.MaxNumTexturesToStreamPerFrame:0]]
[2022.03.02-16.46.48:765][  0]LogConfig: Setting CVar [[r.Streaming.Boost:1]]
[2022.03.02-16.46.48:765][  0]LogConfig: Setting CVar [[r.MaxAnisotropy:8]]
[2022.03.02-16.46.48:765][  0]LogConfig: Setting CVar [[r.VT.MaxAnisotropy:8]]
[2022.03.02-16.46.48:765][  0]LogConfig: Setting CVar [[r.Streaming.LimitPoolSizeToVRAM:0]]
[2022.03.02-16.46.48:765][  0]LogConfig: Setting CVar [[r.Streaming.PoolSize:1000]]
[2022.03.02-16.46.48:765][  0]LogConfig: Setting CVar [[r.Streaming.MaxEffectiveScreenSize:0]]
[2022.03.02-16.46.48:765][  0]LogConfig: Applying CVar settings from Section [EffectsQuality@3] File [C:/Users/w1786801/Downloads/Repo/GitHub/SplashMechanics/Saved/Config/Windows/Scalability.ini]
[2022.03.02-16.46.48:765][  0]LogConfig: Setting CVar [[r.TranslucencyLightingVolumeDim:64]]
[2022.03.02-16.46.48:765][  0]LogConfig: Setting CVar [[r.RefractionQuality:2]]
[2022.03.02-16.46.48:765][  0]LogConfig: Setting CVar [[r.SSR.Quality:3]]
[2022.03.02-16.46.48:765][  0]LogConfig: Setting CVar [[r.SSR.HalfResSceneColor:0]]
[2022.03.02-16.46.48:765][  0]LogConfig: Setting CVar [[r.SceneColorFormat:4]]
[2022.03.02-16.46.48:765][  0]LogConfig: Setting CVar [[r.DetailMode:2]]
[2022.03.02-16.46.48:765][  0]LogConfig: Setting CVar [[r.TranslucencyVolumeBlur:1]]
[2022.03.02-16.46.48:765][  0]LogConfig: Setting CVar [[r.MaterialQualityLevel:1 ; High quality]]
[2022.03.02-16.46.48:765][  0]LogConfig: Setting CVar [[r.AnisotropicMaterials:1]]
[2022.03.02-16.46.48:765][  0]LogConfig: Setting CVar [[r.SSS.Scale:1]]
[2022.03.02-16.46.48:765][  0]LogConfig: Setting CVar [[r.SSS.SampleSet:2]]
[2022.03.02-16.46.48:765][  0]LogConfig: Setting CVar [[r.SSS.Quality:1]]
[2022.03.02-16.46.48:765][  0]LogConfig: Setting CVar [[r.SSS.HalfRes:0]]
[2022.03.02-16.46.48:765][  0]LogConfig: Setting CVar [[r.SSGI.Quality:3]]
[2022.03.02-16.46.48:765][  0]LogConfig: Setting CVar [[r.EmitterSpawnRateScale:1.0]]
[2022.03.02-16.46.48:765][  0]LogConfig: Setting CVar [[r.ParticleLightQuality:2]]
[2022.03.02-16.46.48:765][  0]LogConfig: Setting CVar [[r.SkyAtmosphere.AerialPerspectiveLUT.FastApplyOnOpaque:1 ; Always have FastSkyLUT 1 in this case to avoid wrong sky]]
[2022.03.02-16.46.48:765][  0]LogConfig: Setting CVar [[r.SkyAtmosphere.AerialPerspectiveLUT.SampleCountMaxPerSlice:4]]
[2022.03.02-16.46.48:765][  0]LogConfig: Setting CVar [[r.SkyAtmosphere.AerialPerspectiveLUT.DepthResolution:16.0]]
[2022.03.02-16.46.48:765][  0]LogConfig: Setting CVar [[r.SkyAtmosphere.FastSkyLUT:1]]
[2022.03.02-16.46.48:765][  0]LogConfig: Setting CVar [[r.SkyAtmosphere.FastSkyLUT.SampleCountMin:4.0]]
[2022.03.02-16.46.48:765][  0]LogConfig: Setting CVar [[r.SkyAtmosphere.FastSkyLUT.SampleCountMax:128.0]]
[2022.03.02-16.46.48:765][  0]LogConfig: Setting CVar [[r.SkyAtmosphere.SampleCountMin:4.0]]
[2022.03.02-16.46.48:765][  0]LogConfig: Setting CVar [[r.SkyAtmosphere.SampleCountMax:128.0]]
[2022.03.02-16.46.48:765][  0]LogConfig: Setting CVar [[r.SkyAtmosphere.TransmittanceLUT.UseSmallFormat:0]]
[2022.03.02-16.46.48:765][  0]LogConfig: Setting CVar [[r.SkyAtmosphere.TransmittanceLUT.SampleCount:10.0]]
[2022.03.02-16.46.48:765][  0]LogConfig: Setting CVar [[r.SkyAtmosphere.MultiScatteringLUT.SampleCount:15.0]]
[2022.03.02-16.46.48:765][  0]LogConfig: Setting CVar [[r.SkyLight.RealTimeReflectionCapture:1]]
[2022.03.02-16.46.48:765][  0]LogConfig: Applying CVar settings from Section [FoliageQuality@3] File [C:/Users/w1786801/Downloads/Repo/GitHub/SplashMechanics/Saved/Config/Windows/Scalability.ini]
[2022.03.02-16.46.48:765][  0]LogConfig: Setting CVar [[foliage.DensityScale:1.0]]
[2022.03.02-16.46.48:765][  0]LogConfig: Setting CVar [[grass.DensityScale:1.0]]
[2022.03.02-16.46.48:765][  0]LogConfig: Applying CVar settings from Section [ShadingQuality@3] File [C:/Users/w1786801/Downloads/Repo/GitHub/SplashMechanics/Saved/Config/Windows/Scalability.ini]
[2022.03.02-16.46.48:765][  0]LogConfig: Setting CVar [[r.HairStrands.SkyLighting.IntegrationType:2]]
[2022.03.02-16.46.48:765][  0]LogConfig: Setting CVar [[r.HairStrands.SkyAO.SampleCount:4]]
[2022.03.02-16.46.48:765][  0]LogConfig: Setting CVar [[r.HairStrands.Visibility.MSAA.SamplePerPixel:4]]
[2022.03.02-16.46.48:765][  0]LogConfig: Applying CVar settings from Section [Startup] File [../../../Engine/Config/ConsoleVariables.ini]
[2022.03.02-16.46.48:770][  0]LogConfig: Setting CVar [[net.UseAdaptiveNetUpdateFrequency:0]]
[2022.03.02-16.46.48:770][  0]LogConfig: Setting CVar [[p.chaos.AllowCreatePhysxBodies:1]]
[2022.03.02-16.46.48:770][  0]LogConfig: Setting CVar [[fx.SkipVectorVMBackendOptimizations:1]]
[2022.03.02-16.46.48:770][  0]LogConfig: Applying CVar settings from Section [ConsoleVariables] File [C:/Users/w1786801/Downloads/Repo/GitHub/SplashMechanics/Saved/Config/Windows/Engine.ini]
[2022.03.02-16.46.48:770][  0]LogConfig: Applying CVar settings from Section [ConsoleVariables] File [C:/Users/w1786801/Downloads/Repo/GitHub/SplashMechanics/Saved/Config/Windows/Editor.ini]
[2022.03.02-16.46.48:770][  0]LogInit: Computer: E-N5116-PC-05
[2022.03.02-16.46.48:770][  0]LogInit: User: w1786801
[2022.03.02-16.46.48:770][  0]LogInit: CPU Page size=4096, Cores=4
[2022.03.02-16.46.48:770][  0]LogInit: High frequency timer resolution =10.000000 MHz
[2022.03.02-16.46.48:770][  0]LogMemory: Memory total: Physical=15.9GB (16GB approx)
[2022.03.02-16.46.48:770][  0]LogMemory: Platform Memory Stats for Windows
[2022.03.02-16.46.48:770][  0]LogMemory: Process Physical Memory: 148.22 MB used, 148.23 MB peak
[2022.03.02-16.46.48:770][  0]LogMemory: Process Virtual Memory: 113.47 MB used, 113.47 MB peak
[2022.03.02-16.46.48:770][  0]LogMemory: Physical Memory: 10266.66 MB used,  6039.71 MB free, 16306.38 MB total
[2022.03.02-16.46.48:770][  0]LogMemory: Virtual Memory: 134214136.00 MB used,  3593.37 MB free, 134217728.00 MB total
[2022.03.02-16.46.48:779][  0]LogWindows: WindowsPlatformFeatures enabled
[2022.03.02-16.46.48:887][  0]LogInit: Physics initialised using underlying interface: PhysX
[2022.03.02-16.46.48:888][  0]LogInit: Using OS detected language (en-US).
[2022.03.02-16.46.48:888][  0]LogInit: Using OS detected locale (en-GB).
[2022.03.02-16.46.48:891][  0]LogTextLocalizationManager: No specific localization for 'en-US' exists, so the 'en' localization will be used.
[2022.03.02-16.46.49:192][  0]LogInit: Setting process to per monitor DPI aware
[2022.03.02-16.46.49:220][  0]LogWindowsTextInputMethodSystem: Display: IME system deactivated.
[2022.03.02-16.46.49:250][  0]LogSlate: New Slate User Created.  User Index 0, Is Virtual User: 0
[2022.03.02-16.46.49:250][  0]LogSlate: Slate User Registered.  User Index 0, Is Virtual User: 0
[2022.03.02-16.46.50:586][  0]LogD3D11RHI: Loaded GFSDK_Aftermath_Lib.x64.dll
[2022.03.02-16.46.50:592][  0]LogHMD: Failed to initialize OpenVR with code 110
[2022.03.02-16.46.50:592][  0]LogD3D11RHI: D3D11 min allowed feature level: 11_0
[2022.03.02-16.46.50:592][  0]LogD3D11RHI: D3D11 max allowed feature level: 11_0
[2022.03.02-16.46.50:592][  0]LogD3D11RHI: D3D11 adapters:
[2022.03.02-16.46.50:738][  0]LogD3D11RHI:    0. 'NVIDIA GeForce GTX 970' (Feature Level 11_0)
[2022.03.02-16.46.50:738][  0]LogD3D11RHI:       4043/0/8153 MB DedicatedVideo/DedicatedSystem/SharedSystem, Outputs:1, VendorId:0x10de
[2022.03.02-16.46.50:743][  0]LogD3D11RHI:    1. 'Microsoft Basic Render Driver' (Feature Level 11_0)
[2022.03.02-16.46.50:743][  0]LogD3D11RHI:       0/0/8153 MB DedicatedVideo/DedicatedSystem/SharedSystem, Outputs:0, VendorId:0x1414
[2022.03.02-16.46.50:743][  0]LogD3D11RHI: Chosen D3D11 Adapter:
[2022.03.02-16.46.50:743][  0]LogD3D11RHI:     Description : NVIDIA GeForce GTX 970
[2022.03.02-16.46.50:743][  0]LogD3D11RHI:     VendorId    : 10de
[2022.03.02-16.46.50:743][  0]LogD3D11RHI:     DeviceId    : 13c2
[2022.03.02-16.46.50:743][  0]LogD3D11RHI:     SubSysId    : 29743842
[2022.03.02-16.46.50:743][  0]LogD3D11RHI:     Revision    : 00a1
[2022.03.02-16.46.50:743][  0]LogD3D11RHI:     DedicatedVideoMemory : 4240179200 bytes
[2022.03.02-16.46.50:743][  0]LogD3D11RHI:     DedicatedSystemMemory : 0 bytes
[2022.03.02-16.46.50:743][  0]LogD3D11RHI:     SharedSystemMemory : 8549236736 bytes
[2022.03.02-16.46.50:743][  0]LogD3D11RHI:     AdapterLuid : 0 46789
[2022.03.02-16.46.50:752][  0]LogD3D11RHI: Creating new Direct3DDevice
[2022.03.02-16.46.50:752][  0]LogD3D11RHI:     GPU DeviceId: 0x13c2 (for the marketing name, search the web for "GPU Device Id")
[2022.03.02-16.46.50:752][  0]LogWindows: EnumDisplayDevices:
[2022.03.02-16.46.50:752][  0]LogWindows:    0. 'NVIDIA GeForce GTX 970' (P:1 D:1)
[2022.03.02-16.46.50:753][  0]LogWindows:    1. 'NVIDIA GeForce GTX 970' (P:0 D:0)
[2022.03.02-16.46.50:753][  0]LogWindows:    2. 'NVIDIA GeForce GTX 970' (P:0 D:0)
[2022.03.02-16.46.50:754][  0]LogWindows:    3. 'NVIDIA GeForce GTX 970' (P:0 D:0)
[2022.03.02-16.46.50:754][  0]LogWindows: DebugString: FoundDriverCount:4 
[2022.03.02-16.46.50:754][  0]LogD3D11RHI:     Adapter Name: NVIDIA GeForce GTX 970
[2022.03.02-16.46.50:754][  0]LogD3D11RHI:   Driver Version: 496.76 (internal:30.0.14.9676, unified:496.76)
[2022.03.02-16.46.50:754][  0]LogD3D11RHI:      Driver Date: 11-9-2021
[2022.03.02-16.46.50:754][  0]LogRHI: Texture pool is 2830 MB (70% of 4043 MB)
[2022.03.02-16.46.50:754][  0]LogD3D11RHI: Creating D3DDevice using adapter:
[2022.03.02-16.46.50:754][  0]LogD3D11RHI:     Description : NVIDIA GeForce GTX 970
[2022.03.02-16.46.50:754][  0]LogD3D11RHI:     VendorId    : 10de
[2022.03.02-16.46.50:754][  0]LogD3D11RHI:     DeviceId    : 13c2
[2022.03.02-16.46.50:754][  0]LogD3D11RHI:     SubSysId    : 29743842
[2022.03.02-16.46.50:754][  0]LogD3D11RHI:     Revision    : 00a1
[2022.03.02-16.46.50:754][  0]LogD3D11RHI:     DedicatedVideoMemory : 4240179200 bytes
[2022.03.02-16.46.50:754][  0]LogD3D11RHI:     DedicatedSystemMemory : 0 bytes
[2022.03.02-16.46.50:754][  0]LogD3D11RHI:     SharedSystemMemory : 8549236736 bytes
[2022.03.02-16.46.50:754][  0]LogD3D11RHI:     AdapterLuid : 0 46789
[2022.03.02-16.46.50:838][  0]LogD3D11RHI: RHI has support for 64 bit atomics
[2022.03.02-16.46.50:838][  0]LogD3D11RHI: Async texture creation enabled
[2022.03.02-16.46.50:838][  0]LogD3D11RHI: Array index from any shader is supported
[2022.03.02-16.46.50:860][  0]LogD3D11RHI: GPU Timing Frequency: 1000.000000 (Debug: 2 1)
[2022.03.02-16.46.50:984][  0]LogRHI: GeForceNow SDK initialized: 1
[2022.03.02-16.46.51:472][  0]LogTargetPlatformManager: Display: Loaded TargetPlatform 'AllDesktop'
[2022.03.02-16.46.51:497][  0]LogTargetPlatformManager: Display: Loaded TargetPlatform 'Android'
[2022.03.02-16.46.51:497][  0]LogTargetPlatformManager: Display: Loaded TargetPlatform 'Android_ASTC'
[2022.03.02-16.46.51:497][  0]LogTargetPlatformManager: Display: Loaded TargetPlatform 'Android_DXT'
[2022.03.02-16.46.51:497][  0]LogTargetPlatformManager: Display: Loaded TargetPlatform 'Android_ETC2'
[2022.03.02-16.46.51:497][  0]LogTargetPlatformManager: Display: Loaded TargetPlatform 'AndroidClient'
[2022.03.02-16.46.51:497][  0]LogTargetPlatformManager: Display: Loaded TargetPlatform 'Android_ASTCClient'
[2022.03.02-16.46.51:497][  0]LogTargetPlatformManager: Display: Loaded TargetPlatform 'Android_DXTClient'
[2022.03.02-16.46.51:497][  0]LogTargetPlatformManager: Display: Loaded TargetPlatform 'Android_ETC2Client'
[2022.03.02-16.46.51:497][  0]LogTargetPlatformManager: Display: Loaded TargetPlatform 'Android_Multi'
[2022.03.02-16.46.51:497][  0]LogTargetPlatformManager: Display: Loaded TargetPlatform 'Android_MultiClient'
[2022.03.02-16.46.51:526][  0]LogTargetPlatformManager: Display: Loaded TargetPlatform 'IOSClient'
[2022.03.02-16.46.51:526][  0]LogTargetPlatformManager: Display: Loaded TargetPlatform 'IOS'
[2022.03.02-16.46.51:544][  0]LogTargetPlatformManager: Display: Loaded TargetPlatform 'Linux'
[2022.03.02-16.46.51:554][  0]LogTargetPlatformManager: Display: Loaded TargetPlatform 'LinuxNoEditor'
[2022.03.02-16.46.51:563][  0]LogTargetPlatformManager: Display: Loaded TargetPlatform 'LinuxClient'
[2022.03.02-16.46.51:569][  0]LogTargetPlatformManager: Display: Loaded TargetPlatform 'LinuxServer'
[2022.03.02-16.46.51:588][  0]LogTargetPlatformManager: Display: Loaded TargetPlatform 'LinuxAArch64NoEditor'
[2022.03.02-16.46.51:597][  0]LogTargetPlatformManager: Display: Loaded TargetPlatform 'LinuxAArch64Client'
[2022.03.02-16.46.51:608][  0]LogTargetPlatformManager: Display: Loaded TargetPlatform 'LinuxAArch64Server'
[2022.03.02-16.46.51:653][  0]LogTargetPlatformManager: Display: Loaded TargetPlatform 'Lumin'
[2022.03.02-16.46.51:653][  0]LogTargetPlatformManager: Display: Loaded TargetPlatform 'LuminClient'
[2022.03.02-16.46.51:675][  0]LogTargetPlatformManager: Display: Loaded TargetPlatform 'MacNoEditor'
[2022.03.02-16.46.51:687][  0]LogTargetPlatformManager: Display: Loaded TargetPlatform 'Mac'
[2022.03.02-16.46.51:699][  0]LogTargetPlatformManager: Display: Loaded TargetPlatform 'MacClient'
[2022.03.02-16.46.51:707][  0]LogTargetPlatformManager: Display: Loaded TargetPlatform 'MacServer'
[2022.03.02-16.46.51:728][  0]LogTargetPlatformManager: Display: Loaded TargetPlatform 'TVOSClient'
[2022.03.02-16.46.51:728][  0]LogTargetPlatformManager: Display: Loaded TargetPlatform 'TVOS'
[2022.03.02-16.46.51:754][  0]LogTargetPlatformManager: Display: Loaded TargetPlatform 'WindowsNoEditor'
[2022.03.02-16.46.51:767][  0]LogTargetPlatformManager: Display: Loaded TargetPlatform 'Windows'
[2022.03.02-16.46.51:778][  0]LogTargetPlatformManager: Display: Loaded TargetPlatform 'WindowsClient'
[2022.03.02-16.46.51:792][  0]LogTargetPlatformManager: Display: Loaded TargetPlatform 'WindowsServer'
[2022.03.02-16.46.51:792][  0]LogTargetPlatformManager: Display: Building Assets For Windows
[2022.03.02-16.46.51:811][  0]LogAudioDebug: Display: Lib vorbis DLL was dynamically loaded.
[2022.03.02-16.46.51:905][  0]LogTextureFormatOodle: Display: Oodle Texture 2.9.0 init RDO Off
[2022.03.02-16.46.51:971][  0]LogRendererCore: Ray tracing is disabled. Reason: r.RayTracing=0.
[2022.03.02-16.46.51:971][  0]LogShaderCompilers: Guid format shader working directory is -22 characters bigger than the processId version (../../../../../../Users/w1786801/Downloads/Repo/GitHub/SplashMechanics/Intermediate/Shaders/WorkingDirectory/20244/).
[2022.03.02-16.46.51:971][  0]LogShaderCompilers: Cleaned the shader compiler working directory 'C:/Users/w1786801/AppData/Local/Temp/UnrealShaderWorkingDir/3280D620418E658D7350099E020CCC8C/'.
[2022.03.02-16.46.51:971][  0]LogXGEController: Cannot use XGE Controller as Incredibuild is not installed on this machine.
[2022.03.02-16.46.51:972][  0]LogShaderCompilers: Cannot use XGE Shader Compiler as Incredibuild is not installed on this machine.
[2022.03.02-16.46.51:972][  0]LogShaderCompilers: Display: Using Local Shader Compiler.
[2022.03.02-16.46.55:042][  0]LogDerivedDataCache: Display: Max Cache Size: 512 MB
[2022.03.02-16.46.55:130][  0]LogDerivedDataCache: Loaded boot cache 0.09s 94MB C:/Users/w1786801/AppData/Local/UnrealEngine/4.27/DerivedDataCache/Boot.ddc.
[2022.03.02-16.46.55:130][  0]LogDerivedDataCache: Display: Loaded Boot cache: C:/Users/w1786801/AppData/Local/UnrealEngine/4.27/DerivedDataCache/Boot.ddc
[2022.03.02-16.46.55:130][  0]LogDerivedDataCache: FDerivedDataBackendGraph:  Pak pak cache file ../../../../../../Users/w1786801/Downloads/Repo/GitHub/SplashMechanics/DerivedDataCache/DDC.ddp not found, will not use a pak cache.
[2022.03.02-16.46.55:130][  0]LogDerivedDataCache: Unable to find inner node Pak for hierarchical cache Hierarchy.
[2022.03.02-16.46.55:130][  0]LogDerivedDataCache: FDerivedDataBackendGraph:  CompressedPak pak cache file ../../../../../../Users/w1786801/Downloads/Repo/GitHub/SplashMechanics/DerivedDataCache/Compressed.ddp not found, will not use a pak cache.
[2022.03.02-16.46.55:130][  0]LogDerivedDataCache: Unable to find inner node CompressedPak for hierarchical cache Hierarchy.
[2022.03.02-16.46.55:160][  0]LogDerivedDataCache: Display: Pak cache opened for reading ../../../Engine/DerivedDataCache/Compressed.ddp.
[2022.03.02-16.46.55:160][  0]LogDerivedDataCache: FDerivedDataBackendGraph:  EnterprisePak pak cache file ../../../Enterprise/DerivedDataCache/Compressed.ddp not found, will not use a pak cache.
[2022.03.02-16.46.55:160][  0]LogDerivedDataCache: Unable to find inner node EnterprisePak for hierarchical cache Hierarchy.
[2022.03.02-16.46.55:243][  0]LogDerivedDataCache: Speed tests for C:/Users/w1786801/AppData/Local/UnrealEngine/Common/DerivedDataCache took 0.08 seconds
[2022.03.02-16.46.55:243][  0]LogDerivedDataCache: Display: Performance to C:/Users/w1786801/AppData/Local/UnrealEngine/Common/DerivedDataCache: Latency=0.05ms. RandomReadSpeed=24.34MBs, RandomWriteSpeed=21.39MBs. Assigned SpeedClass 'Local'
[2022.03.02-16.46.55:244][  0]LogDerivedDataCache: Using Local data cache path C:/Users/w1786801/AppData/Local/UnrealEngine/Common/DerivedDataCache: Writable
[2022.03.02-16.46.55:244][  0]LogDerivedDataCache: Shared data cache path not found in *engine.ini, will not use an Shared cache.
[2022.03.02-16.46.55:244][  0]LogDerivedDataCache: Unable to find inner node Shared for hierarchical cache Hierarchy.
[2022.03.02-16.46.55:305][  0]LogSlate: Using FreeType 2.10.0
[2022.03.02-16.46.55:311][  0]LogSlate: SlateFontServices - WITH_FREETYPE: 1, WITH_HARFBUZZ: 1
[2022.03.02-16.46.55:392][  0]LogAssetRegistry: FAssetRegistry took 0.0035 seconds to start up
[2022.03.02-16.46.55:709][  0]LogInit: Selected Device Profile: [Windows]
[2022.03.02-16.46.55:709][  0]LogInit: Active device profile: [000002CDD030CF00][000002CDCFA194C0 49] Windows
[2022.03.02-16.46.55:709][  0]LogInit: Profiles: [000002CDD030CF00][000002CDCFA194C0 49] Windows, [000002CDD02DA600][000002CDCFA21640 49] WindowsNoEditor, [000002CDD030DF00][000002CDCFA257C0 49] WindowsServer, [000002CDD02D9800][000002CDCFA29940 49] WindowsClient, [000002CDD030D000][000002CDCFA2DAC0 49] IOS, [000002CDD02DBC00][000002CDD0D740C0 49] iPadAir, [000002CDD030F300][000002CDD0D78240 49] iPadAir2, [000002CDD026D300][000002CDD0D80500 49] IPadPro, [000002CDD026D400][000002CDD0D7C540 49] iPadAir3, [000002CDD02D8B00][000002CDD0D846C0 49] iPadAir4, [000002CDD026E100][000002CDD0D88840 49] iPadMini2, [000002CDD02DB600][000002CDCFA1C980 49] iPadMini3, [000002CDD026EC00][000002CDD0D8CAC0 49] iPadMini4, [000002CDD02DA900][000002CDD0D90C00 49] iPadMini5, [000002CDD02B0E00][000002CDD0D9CE80 49] iPhone6, [000002CDD02B0F00][000002CDD0D94EC0 49] iPodTouch6, [000002CDD030E800][000002CDD0DA5180 49] iPhone7, [000002CDD030E900][000002CDD0DA11C0 49] iPodTouch7, [000002CDD026CC00][000002CDD0DA9340 49] iPhone5S, [000002CDD030D300][000002CDD0DAD4C0 49] iPhone6Plus, [000002CDD026EA00][000002CDD0DB1640 49] iPhone6S, [000002CDD030ED00][000002CDD0DB57C0 49] iPhone6SPlus, [000002CDD02B0100][000002CDD0DB9940 49] iPhone7Plus, [000002CDD026DD00][000002CDD0DBDAC0 49] iPhoneSE, [000002CDD02B0C00][000002CDD0DC00C0 49] iPhone8, [000002CDD026C400][000002CDD0DC4240 49] iPhone8Plus, [000002CDD02B2A00][000002CDD0DC83C0 49] iPhoneX, [000002CDD026FC00][000002CDD0DCC540 49] iPhoneXS, [000002CDD02B2900][000002CDD0DD06C0 49] iPhoneXSMax, [000002CDD026CB00][000002CDD0DD4840 49] iPhoneXR, [000002CDD030F800][000002CDD0DD89C0 49] iPhone11, [000002CDD026FD00][000002CDD0DDCB40 49] iPhone11Pro, [000002CDD030DC00][000002CDD0D98C80 49] iPhone11ProMax, [000002CDD026D100][000002CDD0DE0DC0 49] iPhoneSE2, [000002CDD030D200][000002CDD0DE4F00 49] iPhone12Mini, [000002CDD026F100][000002CDD0DED080 49] iPhone12, [000002CDD030C900][000002CDD0DF1200 49] iPhone12Pro, [000002CDD026CD00][000002CDD0DF5380 49] iPhone12ProMax, [000002CDD030FC00][000002CDD0DF9500 49] iPadPro105, [000002CDD026F700][000002CDD0E0F680 49] iPadPro129, [000002CDD030F000][000002CDD0E1F800 49] iPadPro97, [000002CDD026CF00][000002CDC594D980 49] iPadPro2_129, [000002CDD030CC00][000002CDC5961B00 49] iPad5, [000002CDD026FB00][000002CDC5964100 49] iPad6, [000002CDD030C400][000002CDC596C280 49] iPad7, [000002CDD026FE00][000002CDC5978400 49] iPad8, [000002CDD030DB00][000002CDC597C580 49] iPadPro11, [000002CDD026E400][000002CDC5980700 49] iPadPro2_11, [000002CDD030C800][000002CDD0F2A880 49] iPadPro3_129, [000002CDD026E800][000002CDCF8DAA00 49] iPadPro4_129, [000002CDD030EF00][000002CDCF97EB80 49] AppleTV, [000002CDD026D200][000002CDCF982D00 49] AppleTV4K, [000002CDD030D700][000002CDD0DE8E40 49] TVOS, [000002CDD026F600][000002CDC58FEF80 49] Mac, [000002CDD030FA00][000002CDC59030C0 49] MacClient, [000002CDD026E500][000002CDD1231240 49] MacNoEditor, [000002CDD030C500][000002CDD12353C0 49] MacServer, [000002CDD026E000][000002CDD1239540 49] Linux, [000002CDD030FB00][000002CDD124B6C0 49] LinuxAArch64, [000002CDD026C300][000002CDD10AD840 49] LinuxNoEditor, [000002CDD030F700][000002CDD10D39C0 49] LinuxAArch64NoEditor, [000002CDD026E600][000002CDD1113B40 49] LinuxClient, [000002CDD030E600][000002CDD111A140 49] LinuxAArch64Client, [000002CDD026DA00][000002CDD11282C0 49] LinuxServer, [000002CDD030C200][000002CDD112C440 49] LinuxAArch64Server, [000002CDD026D600][000002CDD11305C0 49] Android, [000002CDD030E100][000002CDD1134740 49] Android_Low, [000002CDD026F800][000002CDD11388C0 49] Android_Mid, [000002CDD030C600][000002CDD113CA40 49] Android_High, [000002CDD026E300][000002CDD1140BC0 49] Android_Default, [000002CDD030E300][000002CDD1144D40 49] Android_Adreno4xx, [000002CDD026F000][000002CDC58F8EC0 49] Android_Adreno5xx_Low, [000002CDD030EA00][000002CDC5907000 49] Android_Adreno5xx, [000002CDD026C100][000002CDD17E5140 49] Android_Adreno6xx, [000002CDD030CB00][000002CDD17ED280 49] Android_Adreno6xx_Vulkan, [000002CDD026CA00][000002CDC5E3D3C0 49] Android_Mali_T6xx, [000002CDD030C700][000002CDC5DF5540 49] Android_Mali_T7xx, [000002CDD02D9C00][000002CDC5DF96C0 49] Android_Mali_T8xx, [000002CDD02B0300][000002CDC5E41840 49] Android_Mali_G71, [000002CDD02D8600][000002CDD17E99C0 49] Android_Mali_G72, [000002CDD02B1200][000002CDC5E09B40 49] Android_Mali_G72_Vulkan, [000002CDD02D9400][000002CDC5E0C140 49] Android_Mali_G76, [000002CDD02B0700][000002CDC5E5A2C0 49] Android_Mali_G76_Vulkan, [000002CDD02DBF00][000002CDC5E5E440 49] Android_Mali_G77, [000002CDD02B3B00][000002CDD10A85C0 49] Android_Mali_G77_Vulkan, [000002CDD02D9D00][000002CDD0F26740 49] Android_Mali_G78, [000002CDD02B3100][000002CDD0F2E8C0 49] Android_Mali_G78_Vulkan, [000002CDD02DBB00][000002CDC5E62A40 49] Android_Mali_G710, [000002CDD02B2C00][000002CDC5E66BC0 49] Android_Mali_G710_Vulkan, [000002CDD02DB800][000002CDC5E6AD40 49] Android_Vulkan_SM5, [000002CDD02B3800][000002CDC5E6EEC0 49] Android_PowerVR_G6xxx, [000002CDD02D9B00][000002CDC5E73040 49] Android_PowerVR_GT7xxx, [000002CDD02B1D00][000002CDC5DF1180 49] Android_PowerVR_GE8xxx, [000002CDD02DAF00][000002CDC5E772C0 49] Android_PowerVR_GM9xxx, [000002CDD02B0800][000002CDC5E7B400 49] Android_PowerVR_GM9xxx_Vulkan, [000002CDD02D9E00][000002CDCF92B540 49] Android_TegraK1, [000002CDD02B1000][000002CDCF9336C0 49] Android_Unknown_Vulkan, [000002CDD02DA500][000002CDCF937840 49] Lumin, [000002CDD02B3E00][000002CDCF93B9C0 49] Lumin_Desktop, [000002CDD02DAD00][000002CDCF93FB40 49] HoloLens, 
[2022.03.02-16.46.55:987][  0]LogMeshReduction: Using QuadricMeshReduction for automatic static mesh reduction
[2022.03.02-16.46.55:987][  0]LogMeshReduction: Using SimplygonMeshReduction for automatic skeletal mesh reduction
[2022.03.02-16.46.55:987][  0]LogMeshReduction: Using ProxyLODMeshReduction for automatic mesh merging
[2022.03.02-16.46.55:987][  0]LogMeshReduction: No distributed automatic mesh merging module available
[2022.03.02-16.46.55:987][  0]LogMeshMerging: No distributed automatic mesh merging module available
[2022.03.02-16.46.56:026][  0]LogNetVersion: SplashMechanics 1.0.0, NetCL: 17155196, EngineNetVer: 17, GameNetVer: 0 (Checksum: 572277378)
[2022.03.02-16.46.57:240][  0]LogTexture: Default maximum texture size for cubemaps generated from long-lat sources has been changed from 512 to unlimited. In order to preserve old behaiour for '/Engine/MapTemplates/Sky/DaylightAmbientCubemap.DaylightAmbientCubemap', its maximum texture size has been explicitly set to 512.
[2022.03.02-16.46.57:342][  0]LogHMD: PokeAHoleMaterial loaded successfully
[2022.03.02-16.46.57:347][  0]LogUObjectArray: 17178 objects as part of root set at end of initial load.
[2022.03.02-16.46.57:348][  0]LogUObjectAllocator: 4302048 out of 0 bytes used by permanent object pool.
[2022.03.02-16.46.57:348][  0]LogUObjectArray: CloseDisregardForGC: 0/0 objects in disregard for GC pool
[2022.03.02-16.46.58:654][  0]LogNiagaraDebuggerClient: Niagara Debugger Client Initialized | Session: 62892C23446D3BC9D8FD99AAF5B277D8 | Instance: 4E7ABEC940ABF9A8EF9EB8B8AA2D2A99 (E-N5116-PC-05-20244).
[2022.03.02-16.46.58:786][  0]LogPython: Using Python 3.7.7
[2022.03.02-16.46.59:679][  0]LogTcpMessaging: Initializing TcpMessaging bridge
[2022.03.02-16.46.59:710][  0]LogUdpMessaging: Initializing bridge on interface 0.0.0.0:0 to multicast group 230.0.0.1:6666.
[2022.03.02-16.47.00:625][  0]SourceControl: Source control is disabled
[2022.03.02-16.47.00:626][  0]SourceControl: Source control is disabled
[2022.03.02-16.47.00:662][  0]SourceControl: Source control is disabled
[2022.03.02-16.47.00:686][  0]SourceControl: Source control is disabled
[2022.03.02-16.47.00:746][  0]SourceControl: Source control is disabled
[2022.03.02-16.47.00:779][  0]LogUProjectInfo: Found projects:
[2022.03.02-16.47.02:060][  0]LogOpenImageDenoise: OIDN starting up
[2022.03.02-16.47.02:315][  0]LogAndroidPermission: UAndroidPermissionCallbackProxy::GetInstance
[2022.03.02-16.47.02:385][  0]LogAudioCaptureCore: Display: No Audio Capture implementations found. Audio input will be silent.
[2022.03.02-16.47.02:385][  0]LogAudioCaptureCore: Display: No Audio Capture implementations found. Audio input will be silent.
[2022.03.02-16.47.03:009][  0]LogCollectionManager: Loaded 0 collections in 0.003451 seconds
[2022.03.02-16.47.03:115][  0]LogFileCache: Scanning file cache for directory 'C:/Users/w1786801/Downloads/Repo/GitHub/SplashMechanics/Saved/Collections/' took 0.00s
[2022.03.02-16.47.03:115][  0]LogFileCache: Scanning file cache for directory 'C:/Users/w1786801/Downloads/Repo/GitHub/SplashMechanics/Content/Developers/w1786801/Collections/' took 0.00s
[2022.03.02-16.47.03:115][  0]LogFileCache: Scanning file cache for directory 'C:/Users/w1786801/Downloads/Repo/GitHub/SplashMechanics/Content/Collections/' took 0.00s
[2022.03.02-16.47.03:115][  0]LogOcInput: OculusInput pre-init called
[2022.03.02-16.47.03:605][  0]LogEngine: Initializing Engine...
[2022.03.02-16.47.03:613][  0]LogHMD: Failed to enumerate extensions. Please check that you have a valid OpenXR runtime installed.
[2022.03.02-16.47.03:614][  0]LogHMD: Failed to initialize OpenVR with code 110
[2022.03.02-16.47.03:614][  0]LogMagicLeap: Warning: VR disabled because ZI is not enabled.  To enable, in the editor, Edit -> Project Settings -> Plugins -> Magic Leap Plugin -> Enable Zero Iteration
[2022.03.02-16.47.03:616][  0]LogStats: UGameplayTagsManager::InitializeManager -  0.000 s
[2022.03.02-16.47.03:863][  0]LogInit: Initializing FReadOnlyCVARCache
[2022.03.02-16.47.03:876][  0]LogAIModule: Creating AISystem for world Untitled
[2022.03.02-16.47.03:892][  0]LogAudio: Display: Initializing Audio Device Manager...
[2022.03.02-16.47.03:898][  0]LogAudio: Display: Loading Default Audio Settings Objects...
[2022.03.02-16.47.03:901][  0]LogAudio: Display: No default SoundConcurrencyObject specified (or failed to load).
[2022.03.02-16.47.03:901][  0]LogAudio: Display: Audio Device Manager Initialized
[2022.03.02-16.47.03:901][  0]LogAudio: Display: Creating Audio Device:                 Id: 1, Scope: Shared, Realtime: True
[2022.03.02-16.47.03:901][  0]LogAudioMixer: Display: Audio Mixer Platform Settings:
[2022.03.02-16.47.03:901][  0]LogAudioMixer: Display: 	Sample Rate:						  48000
[2022.03.02-16.47.03:901][  0]LogAudioMixer: Display: 	Callback Buffer Frame Size Requested: 1024
[2022.03.02-16.47.03:901][  0]LogAudioMixer: Display: 	Callback Buffer Frame Size To Use:	  1024
[2022.03.02-16.47.03:901][  0]LogAudioMixer: Display: 	Number of buffers to queue:			  2
[2022.03.02-16.47.03:901][  0]LogAudioMixer: Display: 	Max Channels (voices):				  32
[2022.03.02-16.47.03:901][  0]LogAudioMixer: Display: 	Number of Async Source Workers:		  0
[2022.03.02-16.47.03:901][  0]LogAudio: Display: AudioDevice MaxSources: 32
[2022.03.02-16.47.03:901][  0]LogAudio: Display: Audio Spatialization Plugin: None (built-in).
[2022.03.02-16.47.03:902][  0]LogAudio: Display: Audio Reverb Plugin: None (built-in).
[2022.03.02-16.47.03:902][  0]LogAudio: Display: Audio Occlusion Plugin: None (built-in).
[2022.03.02-16.47.03:902][  0]LogAudioMixer: Display: Initializing audio mixer.
[2022.03.02-16.47.03:922][  0]LogAudioMixer: Display: 0: FrontLeft
[2022.03.02-16.47.03:922][  0]LogAudioMixer: Display: 1: FrontRight
[2022.03.02-16.47.04:015][  0]LogAudioMixer: Display: Using Audio Device Speakers / Headphones (Realtek Audio)
[2022.03.02-16.47.04:024][  0]LogAudioMixer: Display: Initializing Sound Submixes...
[2022.03.02-16.47.04:041][  0]LogAudioMixer: Display: Creating Master Submix 'MasterSubmixDefault'
[2022.03.02-16.47.04:041][  0]LogAudioMixer: Display: Creating Master Submix 'MasterReverbSubmixDefault'
[2022.03.02-16.47.04:042][  0]LogAudioMixer: Display: Creating Master Submix 'MasterEQSubmixDefault'
[2022.03.02-16.47.04:042][  0]LogAudioMixer: FMixerPlatformXAudio2::StartAudioStream() called
[2022.03.02-16.47.04:043][  0]LogAudioMixer: Display: Output buffers initialized: Frames=1024, Channels=2, Samples=2048
[2022.03.02-16.47.04:045][  0]LogAudioMixer: Display: Starting AudioMixerPlatformInterface::RunInternal()
[2022.03.02-16.47.04:045][  0]LogAudioMixer: Display: FMixerPlatformXAudio2::SubmitBuffer() called for the first time
[2022.03.02-16.47.04:045][  0]LogInit: FAudioDevice initialized.
[2022.03.02-16.47.04:045][  0]LogAudio: Display: Audio Device (ID: 1) registered with world 'Untitled'.
[2022.03.02-16.47.04:045][  0]LogNetVersion: Set ProjectVersion to 1.0.0.0. Version Checksum will be recalculated on next use.
[2022.03.02-16.47.04:170][  0]LogDerivedDataCache: Saved boot cache 0.12s 94MB C:/Users/w1786801/AppData/Local/UnrealEngine/4.27/DerivedDataCache/Boot.ddc.
[2022.03.02-16.47.04:172][  0]LogInit: Texture streaming: Enabled
[2022.03.02-16.47.04:198][  0]LogAnalytics: Display: [UEEditor.Rocket.Release] APIServer = https://datarouter.ol.epicgames.com/. AppVersion = 4.27.2-18319896+++UE4+Release-4.27
[2022.03.02-16.47.04:207][  0]LogEngineSessionManager: EngineSessionManager initialized
[2022.03.02-16.47.04:207][  0]LogEditorSessionSummary: Verbose: Initializing EditorSessionSummaryWriter for editor session tracking
[2022.03.02-16.47.04:219][  0]LogEditorSessionSummary: EditorSessionSummaryWriter initialized
[2022.03.02-16.47.04:311][  0]LogInit: Transaction tracking system initialized
[2022.03.02-16.47.04:344][  0]BlueprintLog: New page: Editor Load
[2022.03.02-16.47.04:443][  0]LocalizationService: Localization service is disabled
[2022.03.02-16.47.04:484][  0]TimingProfiler: Initialize
[2022.03.02-16.47.04:484][  0]TimingProfiler: OnSessionChanged
[2022.03.02-16.47.04:484][  0]LoadingProfiler: Initialize
[2022.03.02-16.47.04:485][  0]LoadingProfiler: OnSessionChanged
[2022.03.02-16.47.04:485][  0]NetworkingProfiler: Initialize
[2022.03.02-16.47.04:485][  0]NetworkingProfiler: OnSessionChanged
[2022.03.02-16.47.04:485][  0]MemoryProfiler: Initialize
[2022.03.02-16.47.04:485][  0]MemoryProfiler: OnSessionChanged
[2022.03.02-16.47.04:882][  0]LogCook: Display: CookSettings for Memory: MemoryMaxUsedVirtual 0MiB, MemoryMaxUsedPhysical 16384MiB, MemoryMinFreeVirtual 0MiB, MemoryMinFreePhysical 1024MiB
[2022.03.02-16.47.04:882][  0]LogCook: Display: Mobile HDR setting 1
[2022.03.02-16.47.05:187][  0]LogFileCache: Scanning file cache for directory 'C:/Users/w1786801/Downloads/Repo/GitHub/SplashMechanics/Content/' took 0.01s
[2022.03.02-16.47.05:827][  0]LogInit: Display: Engine is initialized. Leaving FEngineLoop::Init()
[2022.03.02-16.47.05:835][  0]SourceControl: Source control is disabled
[2022.03.02-16.47.05:835][  0]LogUnrealEdMisc: Loading editor; pre map load, took 20.556
[2022.03.02-16.47.05:836][  0]Cmd: MAP LOAD FILE="../../../../../../Users/w1786801/Downloads/Repo/GitHub/SplashMechanics/Content/TopDownBP/Maps/TopDownExampleMap.umap" TEMPLATE=0 SHOWPROGRESS=1 FEATURELEVEL=3
[2022.03.02-16.47.05:837][  0]LightingResults: New page: Lighting Build
[2022.03.02-16.47.05:839][  0]LogWorld: UWorld::CleanupWorld for Untitled, bSessionEnded=true, bCleanupResources=true
[2022.03.02-16.47.05:839][  0]LogSlate: InvalidateAllWidgets triggered.  All widgets were invalidated
[2022.03.02-16.47.05:839][  0]MapCheck: New page: Map Check
[2022.03.02-16.47.05:839][  0]LightingResults: New page: Lighting Build
[2022.03.02-16.47.05:844][  0]LogAudio: Display: Audio Device unregistered from world 'None'.
[2022.03.02-16.47.05:847][  0]LogUObjectHash: Compacting FUObjectHashTables data took   0.92ms
[2022.03.02-16.47.06:055][  0]LogLinker: Warning: [AssetLog] C:\Users\w1786801\Downloads\Repo\GitHub\SplashMechanics\Content\TopDownBP\Maps\TopDownExampleMap.umap: Failed to load '/Game/TopDownBP/Maps/TopDownExampleMap_BuiltData': Can't find file.
[2022.03.02-16.47.06:055][  0]LogLinker: Warning: [AssetLog] C:\Users\w1786801\Downloads\Repo\GitHub\SplashMechanics\Content\TopDownBP\Maps\TopDownExampleMap.umap: Failed to load '/Game/TopDownBP/Maps/TopDownExampleMap_BuiltData': Can't find file.
[2022.03.02-16.47.06:065][  0]LogLinker: Warning: [AssetLog] C:\Users\w1786801\Downloads\Repo\GitHub\SplashMechanics\Content\TopDownBP\Maps\TopDownExampleMap.umap: Failed to load '/Game/TopDownBP/Maps/TopDownExampleMap_BuiltData': Can't find file.
[2022.03.02-16.47.06:066][  0]LogLinker: Warning: Failed to load '/Game/TopDownBP/Maps/TopDownExampleMap_BuiltData': Can't find file.
[2022.03.02-16.47.06:067][  0]LogLinker: Warning: Failed to load '/Game/TopDownBP/Maps/TopDownExampleMap_BuiltData': Can't find file.
[2022.03.02-16.47.06:164][  0]LogLinker: Warning: [AssetLog] C:\Users\w1786801\Downloads\Repo\GitHub\SplashMechanics\Content\TopDownBP\Maps\TopDownExampleMap.umap: Failed to load '/Game/TopDownBP/Maps/TopDownExampleMap_BuiltData': Can't find file.
[2022.03.02-16.47.06:164][  0]LoadErrors: Failed to load /Game/TopDownBP/Maps/TopDownExampleMap_BuiltData.TopDownExampleMap_BuiltData Referenced by PersistentLevel
[2022.03.02-16.47.06:319][  0]LogAudio: Display: Audio Device (ID: 1) registered with world 'TopDownExampleMap'.
[2022.03.02-16.47.06:320][  0]LogAIModule: Creating AISystem for world TopDownExampleMap
[2022.03.02-16.47.06:329][  0]LogEditorServer: Finished looking for orphan Actors (0.000 secs)
[2022.03.02-16.47.06:331][  0]LogNavigationDataBuild: Display:    Building NavData:  Name Default class /Script/NavigationSystem.RecastNavMesh agent radius 35.0.
[2022.03.02-16.47.06:344][  0]LogUObjectHash: Compacting FUObjectHashTables data took   1.12ms
[2022.03.02-16.47.06:344][  0]Cmd: MAP CHECKDEP NOCLEARLOG
[2022.03.02-16.47.06:344][  0]MapCheck: Map check complete: 0 Error(s), 0 Warning(s), took 0.15ms to complete.
[2022.03.02-16.47.06:344][  0]LogFileHelpers: Loading map 'TopDownExampleMap' took 0.509
[2022.03.02-16.47.06:347][  0]LogUnrealEdMisc: Total Editor Startup Time, took 21.068
[2022.03.02-16.47.06:512][  0]LogSlate: Updating window title bar state: overlay mode, drag disabled, window buttons hidden, title bar hidden
[2022.03.02-16.47.06:519][  0]LogSlate: Updating window title bar state: overlay mode, drag disabled, window buttons hidden, title bar hidden
[2022.03.02-16.47.06:527][  0]LogSlate: Updating window title bar state: overlay mode, drag disabled, window buttons hidden, title bar hidden
[2022.03.02-16.47.06:535][  0]LogSlate: Updating window title bar state: overlay mode, drag disabled, window buttons hidden, title bar hidden
[2022.03.02-16.47.06:565][  0]LogNativeClassHierarchy: Verbose: Native class hierarchy populated in 0.0152 seconds. Added 3822 classes and 928 folders.
[2022.03.02-16.47.06:569][  0]LogNativeClassHierarchy: Verbose: Native class hierarchy updated for 'WidgetCarousel' in 0.0003 seconds. Added 0 classes and 0 folders.
[2022.03.02-16.47.06:576][  0]LogPakFile: PakFile PrimaryIndexSize=187
[2022.03.02-16.47.06:576][  0]LogPakFile: PakFile PathHashIndexSize=101
[2022.03.02-16.47.06:576][  0]LogPakFile: PakFile FullDirectoryIndexSize=148
[2022.03.02-16.47.06:576][  0]LogShaderLibrary: Display: ShaderCodeLibraryPakFileMountedCallback: PakFile 'C:/UOW_Apps/Epic Games/UE_4.27/FeaturePacks/FP_FirstPerson.upack' (chunk index -1, root 'root:/') mounted
[2022.03.02-16.47.06:576][  0]LogShaderLibrary: Display: ShaderCodeLibraryPakFileMountedCallback: pending pak file info (ChunkID:-1 Root:root:/ File:C:/UOW_Apps/Epic Games/UE_4.27/FeaturePacks/FP_FirstPerson.upack)
[2022.03.02-16.47.06:576][  0]LogPakFile: OnPakFileMounted2Time == 0.000089
[2022.03.02-16.47.06:579][  0]LogPakFile: PakFile PrimaryIndexSize=189
[2022.03.02-16.47.06:579][  0]LogPakFile: PakFile PathHashIndexSize=101
[2022.03.02-16.47.06:579][  0]LogPakFile: PakFile FullDirectoryIndexSize=152
[2022.03.02-16.47.06:579][  0]LogShaderLibrary: Display: ShaderCodeLibraryPakFileMountedCallback: PakFile 'C:/UOW_Apps/Epic Games/UE_4.27/FeaturePacks/FP_FirstPersonBP.upack' (chunk index -1, root 'root:/') mounted
[2022.03.02-16.47.06:579][  0]LogShaderLibrary: Display: ShaderCodeLibraryPakFileMountedCallback: pending pak file info (ChunkID:-1 Root:root:/ File:C:/UOW_Apps/Epic Games/UE_4.27/FeaturePacks/FP_FirstPersonBP.upack)
[2022.03.02-16.47.06:579][  0]LogPakFile: OnPakFileMounted2Time == 0.000041
[2022.03.02-16.47.06:582][  0]LogPakFile: PakFile PrimaryIndexSize=191
[2022.03.02-16.47.06:582][  0]LogPakFile: PakFile PathHashIndexSize=101
[2022.03.02-16.47.06:582][  0]LogPakFile: PakFile FullDirectoryIndexSize=160
[2022.03.02-16.47.06:582][  0]LogShaderLibrary: Display: ShaderCodeLibraryPakFileMountedCallback: PakFile 'C:/UOW_Apps/Epic Games/UE_4.27/FeaturePacks/MobileStarterContent.upack' (chunk index -1, root 'root:/') mounted
[2022.03.02-16.47.06:582][  0]LogShaderLibrary: Display: ShaderCodeLibraryPakFileMountedCallback: pending pak file info (ChunkID:-1 Root:root:/ File:C:/UOW_Apps/Epic Games/UE_4.27/FeaturePacks/MobileStarterContent.upack)
[2022.03.02-16.47.06:582][  0]LogPakFile: OnPakFileMounted2Time == 0.000041
[2022.03.02-16.47.06:585][  0]LogPakFile: PakFile PrimaryIndexSize=185
[2022.03.02-16.47.06:585][  0]LogPakFile: PakFile PathHashIndexSize=101
[2022.03.02-16.47.06:585][  0]LogPakFile: PakFile FullDirectoryIndexSize=148
[2022.03.02-16.47.06:585][  0]LogShaderLibrary: Display: ShaderCodeLibraryPakFileMountedCallback: PakFile 'C:/UOW_Apps/Epic Games/UE_4.27/FeaturePacks/StarterContent.upack' (chunk index -1, root 'root:/') mounted
[2022.03.02-16.47.06:585][  0]LogShaderLibrary: Display: ShaderCodeLibraryPakFileMountedCallback: pending pak file info (ChunkID:-1 Root:root:/ File:C:/UOW_Apps/Epic Games/UE_4.27/FeaturePacks/StarterContent.upack)
[2022.03.02-16.47.06:585][  0]LogPakFile: OnPakFileMounted2Time == 0.000046
[2022.03.02-16.47.06:588][  0]LogPakFile: PakFile PrimaryIndexSize=190
[2022.03.02-16.47.06:588][  0]LogPakFile: PakFile PathHashIndexSize=101
[2022.03.02-16.47.06:588][  0]LogPakFile: PakFile FullDirectoryIndexSize=154
[2022.03.02-16.47.06:588][  0]LogShaderLibrary: Display: ShaderCodeLibraryPakFileMountedCallback: PakFile 'C:/UOW_Apps/Epic Games/UE_4.27/FeaturePacks/TP_2DSideScroller.upack' (chunk index -1, root 'root:/') mounted
[2022.03.02-16.47.06:588][  0]LogShaderLibrary: Display: ShaderCodeLibraryPakFileMountedCallback: pending pak file info (ChunkID:-1 Root:root:/ File:C:/UOW_Apps/Epic Games/UE_4.27/FeaturePacks/TP_2DSideScroller.upack)
[2022.03.02-16.47.06:588][  0]LogPakFile: OnPakFileMounted2Time == 0.000037
[2022.03.02-16.47.06:591][  0]LogPakFile: PakFile PrimaryIndexSize=192
[2022.03.02-16.47.06:591][  0]LogPakFile: PakFile PathHashIndexSize=101
[2022.03.02-16.47.06:591][  0]LogPakFile: PakFile FullDirectoryIndexSize=158
[2022.03.02-16.47.06:591][  0]LogShaderLibrary: Display: ShaderCodeLibraryPakFileMountedCallback: PakFile 'C:/UOW_Apps/Epic Games/UE_4.27/FeaturePacks/TP_2DSideScrollerBP.upack' (chunk index -1, root 'root:/') mounted
[2022.03.02-16.47.06:591][  0]LogShaderLibrary: Display: ShaderCodeLibraryPakFileMountedCallback: pending pak file info (ChunkID:-1 Root:root:/ File:C:/UOW_Apps/Epic Games/UE_4.27/FeaturePacks/TP_2DSideScrollerBP.upack)
[2022.03.02-16.47.06:591][  0]LogPakFile: OnPakFileMounted2Time == 0.000036
[2022.03.02-16.47.06:593][  0]LogPakFile: PakFile PrimaryIndexSize=182
[2022.03.02-16.47.06:593][  0]LogPakFile: PakFile PathHashIndexSize=101
[2022.03.02-16.47.06:593][  0]LogPakFile: PakFile FullDirectoryIndexSize=138
[2022.03.02-16.47.06:593][  0]LogShaderLibrary: Display: ShaderCodeLibraryPakFileMountedCallback: PakFile 'C:/UOW_Apps/Epic Games/UE_4.27/FeaturePacks/TP_Flying.upack' (chunk index -1, root 'root:/') mounted
[2022.03.02-16.47.06:593][  0]LogShaderLibrary: Display: ShaderCodeLibraryPakFileMountedCallback: pending pak file info (ChunkID:-1 Root:root:/ File:C:/UOW_Apps/Epic Games/UE_4.27/FeaturePacks/TP_Flying.upack)
[2022.03.02-16.47.06:593][  0]LogPakFile: OnPakFileMounted2Time == 0.000040
[2022.03.02-16.47.06:596][  0]LogPakFile: PakFile PrimaryIndexSize=184
[2022.03.02-16.47.06:596][  0]LogPakFile: PakFile PathHashIndexSize=101
[2022.03.02-16.47.06:596][  0]LogPakFile: PakFile FullDirectoryIndexSize=142
[2022.03.02-16.47.06:596][  0]LogShaderLibrary: Display: ShaderCodeLibraryPakFileMountedCallback: PakFile 'C:/UOW_Apps/Epic Games/UE_4.27/FeaturePacks/TP_FlyingBP.upack' (chunk index -1, root 'root:/') mounted
[2022.03.02-16.47.06:596][  0]LogShaderLibrary: Display: ShaderCodeLibraryPakFileMountedCallback: pending pak file info (ChunkID:-1 Root:root:/ File:C:/UOW_Apps/Epic Games/UE_4.27/FeaturePacks/TP_FlyingBP.upack)
[2022.03.02-16.47.06:596][  0]LogPakFile: OnPakFileMounted2Time == 0.000041
[2022.03.02-16.47.06:599][  0]LogPakFile: PakFile PrimaryIndexSize=188
[2022.03.02-16.47.06:599][  0]LogPakFile: PakFile PathHashIndexSize=101
[2022.03.02-16.47.06:599][  0]LogPakFile: PakFile FullDirectoryIndexSize=150
[2022.03.02-16.47.06:599][  0]LogShaderLibrary: Display: ShaderCodeLibraryPakFileMountedCallback: PakFile 'C:/UOW_Apps/Epic Games/UE_4.27/FeaturePacks/TP_HandheldARBP.upack' (chunk index -1, root 'root:/') mounted
[2022.03.02-16.47.06:599][  0]LogShaderLibrary: Display: ShaderCodeLibraryPakFileMountedCallback: pending pak file info (ChunkID:-1 Root:root:/ File:C:/UOW_Apps/Epic Games/UE_4.27/FeaturePacks/TP_HandheldARBP.upack)
[2022.03.02-16.47.06:599][  0]LogPakFile: OnPakFileMounted2Time == 0.000036
[2022.03.02-16.47.06:602][  0]LogPakFile: PakFile PrimaryIndexSize=182
[2022.03.02-16.47.06:602][  0]LogPakFile: PakFile PathHashIndexSize=101
[2022.03.02-16.47.06:602][  0]LogPakFile: PakFile FullDirectoryIndexSize=138
[2022.03.02-16.47.06:602][  0]LogShaderLibrary: Display: ShaderCodeLibraryPakFileMountedCallback: PakFile 'C:/UOW_Apps/Epic Games/UE_4.27/FeaturePacks/TP_Puzzle.upack' (chunk index -1, root 'root:/') mounted
[2022.03.02-16.47.06:602][  0]LogShaderLibrary: Display: ShaderCodeLibraryPakFileMountedCallback: pending pak file info (ChunkID:-1 Root:root:/ File:C:/UOW_Apps/Epic Games/UE_4.27/FeaturePacks/TP_Puzzle.upack)
[2022.03.02-16.47.06:602][  0]LogPakFile: OnPakFileMounted2Time == 0.000042
[2022.03.02-16.47.06:605][  0]LogPakFile: PakFile PrimaryIndexSize=184
[2022.03.02-16.47.06:605][  0]LogPakFile: PakFile PathHashIndexSize=101
[2022.03.02-16.47.06:605][  0]LogPakFile: PakFile FullDirectoryIndexSize=142
[2022.03.02-16.47.06:605][  0]LogShaderLibrary: Display: ShaderCodeLibraryPakFileMountedCallback: PakFile 'C:/UOW_Apps/Epic Games/UE_4.27/FeaturePacks/TP_PuzzleBP.upack' (chunk index -1, root 'root:/') mounted
[2022.03.02-16.47.06:605][  0]LogShaderLibrary: Display: ShaderCodeLibraryPakFileMountedCallback: pending pak file info (ChunkID:-1 Root:root:/ File:C:/UOW_Apps/Epic Games/UE_4.27/FeaturePacks/TP_PuzzleBP.upack)
[2022.03.02-16.47.06:605][  0]LogPakFile: OnPakFileMounted2Time == 0.000038
[2022.03.02-16.47.06:608][  0]LogPakFile: PakFile PrimaryIndexSize=183
[2022.03.02-16.47.06:608][  0]LogPakFile: PakFile PathHashIndexSize=101
[2022.03.02-16.47.06:608][  0]LogPakFile: PakFile FullDirectoryIndexSize=140
[2022.03.02-16.47.06:608][  0]LogShaderLibrary: Display: ShaderCodeLibraryPakFileMountedCallback: PakFile 'C:/UOW_Apps/Epic Games/UE_4.27/FeaturePacks/TP_Rolling.upack' (chunk index -1, root 'root:/') mounted
[2022.03.02-16.47.06:608][  0]LogShaderLibrary: Display: ShaderCodeLibraryPakFileMountedCallback: pending pak file info (ChunkID:-1 Root:root:/ File:C:/UOW_Apps/Epic Games/UE_4.27/FeaturePacks/TP_Rolling.upack)
[2022.03.02-16.47.06:608][  0]LogPakFile: OnPakFileMounted2Time == 0.000082
[2022.03.02-16.47.06:612][  0]LogPakFile: PakFile PrimaryIndexSize=185
[2022.03.02-16.47.06:612][  0]LogPakFile: PakFile PathHashIndexSize=101
[2022.03.02-16.47.06:612][  0]LogPakFile: PakFile FullDirectoryIndexSize=144
[2022.03.02-16.47.06:612][  0]LogShaderLibrary: Display: ShaderCodeLibraryPakFileMountedCallback: PakFile 'C:/UOW_Apps/Epic Games/UE_4.27/FeaturePacks/TP_RollingBP.upack' (chunk index -1, root 'root:/') mounted
[2022.03.02-16.47.06:612][  0]LogShaderLibrary: Display: ShaderCodeLibraryPakFileMountedCallback: pending pak file info (ChunkID:-1 Root:root:/ File:C:/UOW_Apps/Epic Games/UE_4.27/FeaturePacks/TP_RollingBP.upack)
[2022.03.02-16.47.06:612][  0]LogPakFile: OnPakFileMounted2Time == 0.000064
[2022.03.02-16.47.06:616][  0]LogPakFile: PakFile PrimaryIndexSize=188
[2022.03.02-16.47.06:616][  0]LogPakFile: PakFile PathHashIndexSize=101
[2022.03.02-16.47.06:616][  0]LogPakFile: PakFile FullDirectoryIndexSize=150
[2022.03.02-16.47.06:616][  0]LogShaderLibrary: Display: ShaderCodeLibraryPakFileMountedCallback: PakFile 'C:/UOW_Apps/Epic Games/UE_4.27/FeaturePacks/TP_SideScroller.upack' (chunk index -1, root 'root:/') mounted
[2022.03.02-16.47.06:616][  0]LogShaderLibrary: Display: ShaderCodeLibraryPakFileMountedCallback: pending pak file info (ChunkID:-1 Root:root:/ File:C:/UOW_Apps/Epic Games/UE_4.27/FeaturePacks/TP_SideScroller.upack)
[2022.03.02-16.47.06:616][  0]LogPakFile: OnPakFileMounted2Time == 0.000043
[2022.03.02-16.47.06:619][  0]LogPakFile: PakFile PrimaryIndexSize=190
[2022.03.02-16.47.06:619][  0]LogPakFile: PakFile PathHashIndexSize=101
[2022.03.02-16.47.06:619][  0]LogPakFile: PakFile FullDirectoryIndexSize=154
[2022.03.02-16.47.06:619][  0]LogShaderLibrary: Display: ShaderCodeLibraryPakFileMountedCallback: PakFile 'C:/UOW_Apps/Epic Games/UE_4.27/FeaturePacks/TP_SideScrollerBP.upack' (chunk index -1, root 'root:/') mounted
[2022.03.02-16.47.06:619][  0]LogShaderLibrary: Display: ShaderCodeLibraryPakFileMountedCallback: pending pak file info (ChunkID:-1 Root:root:/ File:C:/UOW_Apps/Epic Games/UE_4.27/FeaturePacks/TP_SideScrollerBP.upack)
[2022.03.02-16.47.06:619][  0]LogPakFile: OnPakFileMounted2Time == 0.000039
[2022.03.02-16.47.06:621][  0]LogPakFile: PakFile PrimaryIndexSize=187
[2022.03.02-16.47.06:621][  0]LogPakFile: PakFile PathHashIndexSize=101
[2022.03.02-16.47.06:621][  0]LogPakFile: PakFile FullDirectoryIndexSize=148
[2022.03.02-16.47.06:622][  0]LogShaderLibrary: Display: ShaderCodeLibraryPakFileMountedCallback: PakFile 'C:/UOW_Apps/Epic Games/UE_4.27/FeaturePacks/TP_ThirdPerson.upack' (chunk index -1, root 'root:/') mounted
[2022.03.02-16.47.06:622][  0]LogShaderLibrary: Display: ShaderCodeLibraryPakFileMountedCallback: pending pak file info (ChunkID:-1 Root:root:/ File:C:/UOW_Apps/Epic Games/UE_4.27/FeaturePacks/TP_ThirdPerson.upack)
[2022.03.02-16.47.06:622][  0]LogPakFile: OnPakFileMounted2Time == 0.000038
[2022.03.02-16.47.06:625][  0]LogPakFile: PakFile PrimaryIndexSize=189
[2022.03.02-16.47.06:625][  0]LogPakFile: PakFile PathHashIndexSize=101
[2022.03.02-16.47.06:625][  0]LogPakFile: PakFile FullDirectoryIndexSize=152
[2022.03.02-16.47.06:625][  0]LogShaderLibrary: Display: ShaderCodeLibraryPakFileMountedCallback: PakFile 'C:/UOW_Apps/Epic Games/UE_4.27/FeaturePacks/TP_ThirdPersonBP.upack' (chunk index -1, root 'root:/') mounted
[2022.03.02-16.47.06:625][  0]LogShaderLibrary: Display: ShaderCodeLibraryPakFileMountedCallback: pending pak file info (ChunkID:-1 Root:root:/ File:C:/UOW_Apps/Epic Games/UE_4.27/FeaturePacks/TP_ThirdPersonBP.upack)
[2022.03.02-16.47.06:625][  0]LogPakFile: OnPakFileMounted2Time == 0.000047
[2022.03.02-16.47.06:628][  0]LogPakFile: PakFile PrimaryIndexSize=183
[2022.03.02-16.47.06:628][  0]LogPakFile: PakFile PathHashIndexSize=101
[2022.03.02-16.47.06:628][  0]LogPakFile: PakFile FullDirectoryIndexSize=140
[2022.03.02-16.47.06:628][  0]LogShaderLibrary: Display: ShaderCodeLibraryPakFileMountedCallback: PakFile 'C:/UOW_Apps/Epic Games/UE_4.27/FeaturePacks/TP_TopDown.upack' (chunk index -1, root 'root:/') mounted
[2022.03.02-16.47.06:628][  0]LogShaderLibrary: Display: ShaderCodeLibraryPakFileMountedCallback: pending pak file info (ChunkID:-1 Root:root:/ File:C:/UOW_Apps/Epic Games/UE_4.27/FeaturePacks/TP_TopDown.upack)
[2022.03.02-16.47.06:628][  0]LogPakFile: OnPakFileMounted2Time == 0.000045
[2022.03.02-16.47.06:631][  0]LogPakFile: PakFile PrimaryIndexSize=185
[2022.03.02-16.47.06:631][  0]LogPakFile: PakFile PathHashIndexSize=101
[2022.03.02-16.47.06:631][  0]LogPakFile: PakFile FullDirectoryIndexSize=144
[2022.03.02-16.47.06:631][  0]LogShaderLibrary: Display: ShaderCodeLibraryPakFileMountedCallback: PakFile 'C:/UOW_Apps/Epic Games/UE_4.27/FeaturePacks/TP_TopDownBP.upack' (chunk index -1, root 'root:/') mounted
[2022.03.02-16.47.06:631][  0]LogShaderLibrary: Display: ShaderCodeLibraryPakFileMountedCallback: pending pak file info (ChunkID:-1 Root:root:/ File:C:/UOW_Apps/Epic Games/UE_4.27/FeaturePacks/TP_TopDownBP.upack)
[2022.03.02-16.47.06:631][  0]LogPakFile: OnPakFileMounted2Time == 0.000044
[2022.03.02-16.47.06:634][  0]LogPakFile: PakFile PrimaryIndexSize=185
[2022.03.02-16.47.06:634][  0]LogPakFile: PakFile PathHashIndexSize=101
[2022.03.02-16.47.06:634][  0]LogPakFile: PakFile FullDirectoryIndexSize=144
[2022.03.02-16.47.06:634][  0]LogShaderLibrary: Display: ShaderCodeLibraryPakFileMountedCallback: PakFile 'C:/UOW_Apps/Epic Games/UE_4.27/FeaturePacks/TP_TwinStick.upack' (chunk index -1, root 'root:/') mounted
[2022.03.02-16.47.06:634][  0]LogShaderLibrary: Display: ShaderCodeLibraryPakFileMountedCallback: pending pak file info (ChunkID:-1 Root:root:/ File:C:/UOW_Apps/Epic Games/UE_4.27/FeaturePacks/TP_TwinStick.upack)
[2022.03.02-16.47.06:634][  0]LogPakFile: OnPakFileMounted2Time == 0.000036
[2022.03.02-16.47.06:637][  0]LogPakFile: PakFile PrimaryIndexSize=187
[2022.03.02-16.47.06:637][  0]LogPakFile: PakFile PathHashIndexSize=101
[2022.03.02-16.47.06:637][  0]LogPakFile: PakFile FullDirectoryIndexSize=148
[2022.03.02-16.47.06:637][  0]LogShaderLibrary: Display: ShaderCodeLibraryPakFileMountedCallback: PakFile 'C:/UOW_Apps/Epic Games/UE_4.27/FeaturePacks/TP_TwinStickBP.upack' (chunk index -1, root 'root:/') mounted
[2022.03.02-16.47.06:637][  0]LogShaderLibrary: Display: ShaderCodeLibraryPakFileMountedCallback: pending pak file info (ChunkID:-1 Root:root:/ File:C:/UOW_Apps/Epic Games/UE_4.27/FeaturePacks/TP_TwinStickBP.upack)
[2022.03.02-16.47.06:637][  0]LogPakFile: OnPakFileMounted2Time == 0.000041
[2022.03.02-16.47.06:640][  0]LogPakFile: PakFile PrimaryIndexSize=183
[2022.03.02-16.47.06:640][  0]LogPakFile: PakFile PathHashIndexSize=101
[2022.03.02-16.47.06:640][  0]LogPakFile: PakFile FullDirectoryIndexSize=140
[2022.03.02-16.47.06:640][  0]LogShaderLibrary: Display: ShaderCodeLibraryPakFileMountedCallback: PakFile 'C:/UOW_Apps/Epic Games/UE_4.27/FeaturePacks/TP_Vehicle.upack' (chunk index -1, root 'root:/') mounted
[2022.03.02-16.47.06:640][  0]LogShaderLibrary: Display: ShaderCodeLibraryPakFileMountedCallback: pending pak file info (ChunkID:-1 Root:root:/ File:C:/UOW_Apps/Epic Games/UE_4.27/FeaturePacks/TP_Vehicle.upack)
[2022.03.02-16.47.06:640][  0]LogPakFile: OnPakFileMounted2Time == 0.000038
[2022.03.02-16.47.06:643][  0]LogPakFile: PakFile PrimaryIndexSize=186
[2022.03.02-16.47.06:643][  0]LogPakFile: PakFile PathHashIndexSize=101
[2022.03.02-16.47.06:643][  0]LogPakFile: PakFile FullDirectoryIndexSize=146
[2022.03.02-16.47.06:643][  0]LogShaderLibrary: Display: ShaderCodeLibraryPakFileMountedCallback: PakFile 'C:/UOW_Apps/Epic Games/UE_4.27/FeaturePacks/TP_VehicleAdv.upack' (chunk index -1, root 'root:/') mounted
[2022.03.02-16.47.06:643][  0]LogShaderLibrary: Display: ShaderCodeLibraryPakFileMountedCallback: pending pak file info (ChunkID:-1 Root:root:/ File:C:/UOW_Apps/Epic Games/UE_4.27/FeaturePacks/TP_VehicleAdv.upack)
[2022.03.02-16.47.06:643][  0]LogPakFile: OnPakFileMounted2Time == 0.000041
[2022.03.02-16.47.06:647][  0]LogPakFile: PakFile PrimaryIndexSize=188
[2022.03.02-16.47.06:647][  0]LogPakFile: PakFile PathHashIndexSize=101
[2022.03.02-16.47.06:647][  0]LogPakFile: PakFile FullDirectoryIndexSize=150
[2022.03.02-16.47.06:647][  0]LogShaderLibrary: Display: ShaderCodeLibraryPakFileMountedCallback: PakFile 'C:/UOW_Apps/Epic Games/UE_4.27/FeaturePacks/TP_VehicleAdvBP.upack' (chunk index -1, root 'root:/') mounted
[2022.03.02-16.47.06:647][  0]LogShaderLibrary: Display: ShaderCodeLibraryPakFileMountedCallback: pending pak file info (ChunkID:-1 Root:root:/ File:C:/UOW_Apps/Epic Games/UE_4.27/FeaturePacks/TP_VehicleAdvBP.upack)
[2022.03.02-16.47.06:647][  0]LogPakFile: OnPakFileMounted2Time == 0.000045
[2022.03.02-16.47.06:650][  0]LogPakFile: PakFile PrimaryIndexSize=185
[2022.03.02-16.47.06:650][  0]LogPakFile: PakFile PathHashIndexSize=101
[2022.03.02-16.47.06:650][  0]LogPakFile: PakFile FullDirectoryIndexSize=144
[2022.03.02-16.47.06:651][  0]LogShaderLibrary: Display: ShaderCodeLibraryPakFileMountedCallback: PakFile 'C:/UOW_Apps/Epic Games/UE_4.27/FeaturePacks/TP_VehicleBP.upack' (chunk index -1, root 'root:/') mounted
[2022.03.02-16.47.06:651][  0]LogShaderLibrary: Display: ShaderCodeLibraryPakFileMountedCallback: pending pak file info (ChunkID:-1 Root:root:/ File:C:/UOW_Apps/Epic Games/UE_4.27/FeaturePacks/TP_VehicleBP.upack)
[2022.03.02-16.47.06:651][  0]LogPakFile: OnPakFileMounted2Time == 0.000043
[2022.03.02-16.47.06:654][  0]LogPakFile: PakFile PrimaryIndexSize=192
[2022.03.02-16.47.06:654][  0]LogPakFile: PakFile PathHashIndexSize=101
[2022.03.02-16.47.06:654][  0]LogPakFile: PakFile FullDirectoryIndexSize=158
[2022.03.02-16.47.06:654][  0]LogShaderLibrary: Display: ShaderCodeLibraryPakFileMountedCallback: PakFile 'C:/UOW_Apps/Epic Games/UE_4.27/FeaturePacks/TP_VirtualRealityBP.upack' (chunk index -1, root 'root:/') mounted
[2022.03.02-16.47.06:654][  0]LogShaderLibrary: Display: ShaderCodeLibraryPakFileMountedCallback: pending pak file info (ChunkID:-1 Root:root:/ File:C:/UOW_Apps/Epic Games/UE_4.27/FeaturePacks/TP_VirtualRealityBP.upack)
[2022.03.02-16.47.06:654][  0]LogPakFile: OnPakFileMounted2Time == 0.000037
[2022.03.02-16.47.06:883][  0]LogNativeClassHierarchy: Verbose: Native class hierarchy updated for 'AddContentDialog' in 0.0003 seconds. Added 0 classes and 0 folders.
[2022.03.02-16.47.06:885][  0]LogNativeClassHierarchy: Verbose: Native class hierarchy updated for 'SceneOutliner' in 0.0002 seconds. Added 2 classes and 0 folders.
[2022.03.02-16.47.06:949][  0]LogSlate: Took 0.002091 seconds to synchronously load lazily loaded font '../../../Engine/Content/Slate/Fonts/Roboto-Regular.ttf' (155K)
[2022.03.02-16.47.06:953][  0]LogSlate: Took 0.002718 seconds to synchronously load lazily loaded font '../../../Engine/Content/Editor/Slate/Fonts/FontAwesome.ttf' (139K)
[2022.03.02-16.47.06:956][  0]LogSlate: Took 0.002002 seconds to synchronously load lazily loaded font '../../../Engine/Content/Slate/Fonts/Roboto-Bold.ttf' (160K)
[2022.03.02-16.47.07:099][  0]LogRenderer: Reallocating scene render targets to support 1616x808 Format 10 NumSamples 1 (Frame:1).
[2022.03.02-16.47.07:230][  0]LogNativeClassHierarchy: Verbose: Native class hierarchy updated for 'HierarchicalLODOutliner' in 0.0003 seconds. Added 0 classes and 0 folders.
[2022.03.02-16.47.07:230][  0]LogLoad: (Engine Initialization) Total time: 21.95 seconds
[2022.03.02-16.47.07:230][  0]LogLoad: (Engine Initialization) Total Blueprint compile time: 0.00 seconds
[2022.03.02-16.47.07:274][  0]LogAssetRegistry: Asset discovery search completed in 11.8838 seconds
[2022.03.02-16.47.07:291][  0]LogCollectionManager: Fixed up redirectors for 0 collections in 0.000003 seconds (updated 0 objects)
[2022.03.02-16.47.07:292][  0]LogContentStreaming: Texture pool size now 1000 MB
[2022.03.02-16.47.07:438][  0]LogSlate: Took 0.003633 seconds to synchronously load lazily loaded font '../../../Engine/Content/Slate/Fonts/DroidSansMono.ttf' (77K)
[2022.03.02-16.47.09:374][171]LogSlate: Window 'Message Log' being destroyed
[2022.03.02-16.47.09:378][171]LogSlate: Window 'Message Log' being destroyed
[2022.03.02-16.51.07:399][754]LogSlate: Took 0.000785 seconds to synchronously load lazily loaded font '../../../Engine/Content/Slate/Fonts/Roboto-Light.ttf' (167K)
[2022.03.02-16.51.07:424][754]LogAssetTools: Warning: Failed to import 'C:\Users\w1786801\Downloads\m_inner.COPY'. Unknown extension 'COPY'.
[2022.03.02-16.51.07:427][754]LogAssetTools: Warning: Failed to import 'C:\Users\w1786801\Downloads\m_outer.COPY'. Unknown extension 'COPY'.
[2022.03.02-16.51.07:431][754]LogAssetTools: Warning: Failed to import 'C:\Users\w1786801\Downloads\m_shield.COPY'. Unknown extension 'COPY'.
[2022.03.02-16.51.30:503][896]LogAssetTools: Warning: Failed to import 'C:\Users\w1786801\Downloads\m_shield.COPY'. Unknown extension 'COPY'.
[2022.03.02-16.51.30:505][896]LogAssetTools: Warning: Failed to import 'C:\Users\w1786801\Downloads\m_inner.COPY'. Unknown extension 'COPY'.
[2022.03.02-16.51.30:508][896]LogAssetTools: Warning: Failed to import 'C:\Users\w1786801\Downloads\m_outer.COPY'. Unknown extension 'COPY'.
